{"config":{"lang":["en"],"separator":"[\\s\\-]+","pipeline":["stopWordFilter"]},"docs":[{"location":"","title":"Welcome to MkDocs","text":"<p>For full documentation visit mkdocs.org.</p>"},{"location":"#commands","title":"Commands","text":"<ul> <li><code>mkdocs serve</code> - Start the live-reloading docs server.</li> <li><code>mkdocs gh-deploy</code> - Deploy new chages to github pages.</li> <li><code>mkdocs build</code> - Build the documentation site.</li> <li><code>mkdocs -h</code> - Print help message and exit.</li> </ul>"},{"location":"#project-layout","title":"Project layout","text":"<pre><code>mkdocs.yml    # The configuration file.\ndocs/\n    index.md  # The documentation homepage.\n    ...       # Other markdown pages, images and other files.\n</code></pre>"},{"location":"R/","title":"R Notes","text":"<ul> <li><code>paste()</code> -&gt; string concatenation</li> <li><code>fread()</code> -&gt; returns <code>data.table</code></li> <li><code>%&gt;%</code> -&gt; pipe operator<ul> <li>Example: <code>data %&gt;% head() %&gt;% summary()</code> is the same as <code>summary(head(data))</code> </li> </ul> </li> <li><code>mutate()</code><ul> <li><code>mutate(data_table, column_name = value)</code> -&gt; set column value, if column does not exist, it will be created</li> </ul> </li> <li><code>rbind()</code> -&gt; bind rows - similar to <code>UNION</code> in SQL<ul> <li>Note: The number of columns must match.</li> </ul> </li> <li><code>replace_na()</code> -&gt; replace NA values<ul> <li>Example: <code>replace_na(data, list(column_name = value))</code></li> </ul> </li> </ul>"},{"location":"architecture/","title":"Architecture","text":""},{"location":"architecture/#tools","title":"Tools","text":""},{"location":"architecture/#x-ray","title":"X-Ray","text":"<p>http://xray.inf.usi.ch/xray.php</p>"},{"location":"architecture/#code-city","title":"Code City:","text":"<p>http://www.inf.usi.ch/phd/wettel/codecity.html</p>"},{"location":"architecture/#source-monitor","title":"Source Monitor:","text":"<p>http://www.campwoodsw.com/sourcemonitor.html</p>"},{"location":"architecture/#structure-101","title":"Structure 101:","text":"<p>https://structure101.com/</p>"},{"location":"architecture/#jdepend","title":"JDepend","text":"<p>http://clarkware.com/software/JDepend.html</p>"},{"location":"architecture/#mutation-testing","title":"Mutation testing","text":"<p>https://pitest.org/</p>"},{"location":"atom_command_not_found/","title":"Atom command not found","text":""},{"location":"atom_command_not_found/#probelm","title":"Probelm","text":"<p><code>atom .git/config</code> -&gt; <code>zsh: command not found: atom</code></p>"},{"location":"atom_command_not_found/#solution","title":"Solution","text":"<p>from: https://stackoverflow.com/a/68991202</p> <ol> <li> <p>Open Atom</p> </li> <li> <p>Press <code>\u2318</code> <code>\u21e7</code> <code>P</code> while focused in an editor pane, the command palette will pop up.</p> </li> <li> <p>Type \"Window: Install Shell Commands\"</p> </li> </ol>"},{"location":"aws_remove_payment_method/","title":"Aws remove payment method","text":"<p>AWS does not allow you to remove all the payment methods.</p> <p>So the only option is to close the account.</p>"},{"location":"bew_command_not_found/","title":"Bew command not found","text":""},{"location":"bew_command_not_found/#problem","title":"Problem:","text":"<p>After installing homebrew, I am geting this error: Getting error: <code>zsh: command not found: brew</code></p>"},{"location":"bew_command_not_found/#solution","title":"Solution:","text":"<p>Run <pre><code>echo 'eval $(/opt/homebrew/bin/brew shellenv)' &gt;&gt; /Users/$USER/.zshrc\nsource ~/.zshrc\n</code></pre></p> <p>Notes: brew was intalled in <code>/opt/homebrew/</code> location which was not added to the path automatically.</p> <p>Reference: https://stackoverflow.com/q/36657321</p>"},{"location":"bitwise_operators/","title":"Bitwise Operators","text":""},{"location":"bitwise_operators/#shift","title":"Shift","text":"<ul> <li><code>1 &lt;&lt; n</code> = <code>2^n</code></li> <li><code>n &lt;&lt; 1</code> = <code>n * 2</code></li> <li><code>n &gt;&gt; 1</code> = <code>n / 2</code></li> </ul>"},{"location":"bitwise_operators/#mask","title":"Mask","text":"<ul> <li>Check if <code>i</code>th bit is set or not on integer <code>mask</code></li> <li><code>(mask &amp; (1 &lt;&lt; i)) != 0</code></li> <li>Example: <code>mask = 11010101</code>, <code>i = 3cod</code></li> </ul>"},{"location":"chrome_shortcuts/","title":"Chrome shortcuts","text":""},{"location":"chrome_shortcuts/#chrome-changeswitch-profile","title":"chrome change/switch profile","text":"<p><code>\u2318</code> <code>\u21e7</code> <code>M</code> -&gt; <code>\u2191</code> <code>\u2193</code> -&gt; <code>\u23ce</code></p>"},{"location":"code_command_not_found/","title":"vscode code command not found","text":""},{"location":"code_command_not_found/#probelm","title":"Probelm","text":"<p><code>code .</code> -&gt; <code>zsh: command not found: code</code></p>"},{"location":"code_command_not_found/#solution","title":"Solution:","text":"<p>from: https://stackoverflow.com/a/39604469</p> <ol> <li> <p>open vs code</p> </li> <li> <p><code>\u2318</code> <code>\u21e7</code> <code>P</code> to open command palette</p> </li> <li> <p>search <code>shell command</code> and select <code>Shell Command: Install 'code' command in PATH</code></p> </li> </ol>"},{"location":"designing-data-intensive-applications/","title":"designing-data-intensive-applications","text":""},{"location":"designing-data-intensive-applications/#what-is-hash-indexes","title":"What is Hash Indexes","text":""},{"location":"exasol-python-set-script-example/","title":"Exasol python set script example","text":"<pre><code>CREATE OR REPLACE PYTHON3 SET SCRIPT my_schema.make_double (\n    val INT\n    )\n    EMITS (\n        val INT\n        )\n    AS\n\ndef run(ctx):\n    while True:\n        val = ctx.val\n        ctx.emit(val * 2)\n        if not ctx.next():\n            break\n\n/\n\nwith d as (select level as val\n           from dual\n           connect by level &lt;= 10)\nselect my_schema.make_double(d.val) from d;\n</code></pre> <p>returns  <pre><code>VAL\n2\n4\n6\n8\n10\n12\n14\n16\n18\n20\n</code></pre></p>"},{"location":"exasol/","title":"Exasol","text":""},{"location":"exasol/#find-users-with-a-given-role","title":"Find users with a given role","text":"<pre><code>select * from exa_dba_role_privs where granted_role = 'MY_ROLE';\n</code></pre>"},{"location":"exasol/#find-the-schema-owner","title":"Find the schema owner","text":"<p>check the owner of the schema unsing:</p> <pre><code>select * from exa_schemas where schema_name = 'MY_SCHEMA';\n</code></pre>"},{"location":"exasol/#find-the-table-owner","title":"Find the table owner","text":"<pre><code>select * from EXA_USER_TABLES where table_schema = 'MY_SCHEMA' and table_name = 'MY_TABLE';\n</code></pre>"},{"location":"exasol/#exasol-any-true","title":"Exasol any true","text":"<p>ref</p> <pre><code>with\n    base(dept, name, is_tech) as (\n        values\n            ('D1', 'P1', true), ('D1', 'P2', false),\n            ('D2', 'P3', false), ('D2', 'P4', false),\n            ('D3', 'P5', null),\n            ('D4', 'P6', false), ('D4', 'P7', null)\n    )\nselect dept, any(is_tech) as is_any_tech\nfrom base\ngroup by dept\norder by dept;\n</code></pre> <p>returns</p> DEPT IS_ANY_TECH D1 true D2 false D3 <code>null</code> D4 false"},{"location":"exasol/#view-all-system-tables","title":"View all system tables","text":"<pre><code>select * from exa_syscat;\n</code></pre>"},{"location":"exasol/#generate-values-in-sequence","title":"Generate values in sequence","text":"<pre><code>select level from dual connect by level &lt;= 10;\n</code></pre>"},{"location":"exasol/#subset-using-minus","title":"Subset using minus","text":"<pre><code>with\n    l0(id) as (values (1), (2), (3), (4)),\n    l1(id) as (values (1), (2)),\n    l2(id) as (values (2), (3))\nselect id from l0\n    minus\nselect id from l1\n    minus\nselect id from l2;\n</code></pre> <p>returns one row with id 4.</p>"},{"location":"exasol/#find-installed-python-pacakges","title":"find installed python pacakges","text":"<pre><code>create or replace python3 scalar script list_python_packages() emits (\n        name VARCHAR(500)\n    ) as\n\nimport pkg_resources\ninstalled_packages = pkg_resources.working_set\ninstalled_packages_list = sorted([\"%s==%s\" % (i.key, i.version)\n     for i in installed_packages])\n\ndef run(ctx):\n    for p in installed_packages_list:\n        ctx.emit(p)\n\n/\n\nselect list_python_packages();\n</code></pre>"},{"location":"fastai/","title":"FastAI","text":"<p>course: https://course.fast.ai/</p>"},{"location":"fastai/#lesson-1","title":"Lesson 1","text":"<ul> <li> <p>https://course.fast.ai/videos/?lesson=1</p> </li> <li> <p>https://www.youtube.com/watch?v=_QUEXsHfsA0</p> </li> </ul> <p>Source: https://github.com/fastai/fastbook</p>"},{"location":"fastai/#error-installing-fastbook","title":"Error installing fastbook","text":"<pre><code>pip install fastbook\n</code></pre> <p>returns</p> <pre><code>...\nCollecting MarkupSafe&gt;=2.0\n  Using cached MarkupSafe-2.1.1-cp310-cp310-macosx_10_9_universal2.whl (17 kB)\nUsing legacy 'setup.py install' for sentencepiece, since package 'wheel' is not installed.\nBuilding wheels for collected packages: tokenizers\n  Building wheel for tokenizers (pyproject.toml) ... error\n  error: subprocess-exited-with-error\n\n  \u00d7 Building wheel for tokenizers (pyproject.toml) did not run successfully.\n  \u2502 exit code: 1\n  \u2570\u2500&gt; [51 lines of output]\n      running bdist_wheel\n      running build\n      running build_py\n      creating build\n      creating build/lib.macosx-12.1-arm64-cpython-310\n      creating build/lib.macosx-12.1-arm64-cpython-310/tokenizers\n      copying py_src/tokenizers/__init__.py -&gt; build/lib.macosx-12.1-arm64-cpython-310/tokenizers\n      ...\n      copying py_src/tokenizers/tools/visualizer-styles.css -&gt; build/lib.macosx-12.1-arm64-cpython-310/tokenizers/tools\n      running build_ext\n      running build_rust\n      error: can't find Rust compiler\n\n      If you are using an outdated pip version, it is possible a prebuilt wheel is available for this package but pip is not able to install from it. Installing from the wheel would avoid the need for a Rust compiler.\n\n      To update pip, run:\n\n          pip install --upgrade pip\n\n      and then retry package installation.\n\n      If you did intend to build this package from source, try installing a Rust compiler from your system package manager and ensure it is on the PATH during installation. Alternatively, rustup (available at https://rustup.rs) is the recommended way to download and update the Rust compiler toolchain.\n      [end of output]\n\n  note: This error originates from a subprocess, and is likely not a problem with pip.\n  ERROR: Failed building wheel for tokenizers\nFailed to build tokenizers\nERROR: Could not build wheels for tokenizers, which is required to install pyproject.toml-based projects\nWARNING: You are using pip version 22.0.4; however, version 22.1.2 is available.\nYou should consider upgrading via the '/Users/anil/.../venv/bin/python -m pip install --upgrade pip' command.\n</code></pre> <p>It seems I need to install rust compiler</p> <pre><code>curl --proto '=https' --tlsv1.2 -sSf https://sh.rustup.rs | sh\n</code></pre> <p>verify the installation via <code>rustc -h</code>. I needed to close and reopen terminal again.</p> <p>install again</p> <pre><code>pip install fastbook\n</code></pre> <p>returns</p> <pre><code>...\nUsing legacy 'setup.py install' for sentencepiece, since package 'wheel' is not installed.\nInstalling collected packages: sentencepiece, murmurhash, cymem, xxhash, typing-extensions, typer, tqdm, threadpoolctl, spacy-loggers, spacy-legacy, smart-open, regex, preshed, pillow, numpy, multidict, langcodes, kiwisolver, joblib, graphviz, fsspec, frozenlist, fonttools, filelock, fastprogress, dill, cycler, catalogue, async-timeout, yarl, torch, srsly, scipy, responses, pydantic, pyarrow, pathy, pandas, multiprocess, matplotlib, huggingface-hub, fastcore, blis, aiosignal, transformers, torchvision, thinc, scikit-learn, fastdownload, aiohttp, spacy, fastai, datasets, fastbook\n  Running setup.py install for sentencepiece ... error\n  error: subprocess-exited-with-error\n\n  \u00d7 Running setup.py install for sentencepiece did not run successfully.\n  \u2502 exit code: 1\n  \u2570\u2500&gt; [43 lines of output]\n      ~/.pyenv/versions/3.10.5/lib/python3.10/site-packages/setuptools/dist.py:717: UserWarning: Usage of dash-separated 'description-file' will not be supported in future versions. Please use the underscore name 'description_file' instead\n        warnings.warn(\n      running install\n      running build\n      running build_py\n      creating build\n      creating build/lib.macosx-12.1-arm64-3.10\n      creating build/lib.macosx-12.1-arm64-3.10/sentencepiece\n      copying src/sentencepiece/__init__.py -&gt; build/lib.macosx-12.1-arm64-3.10/sentencepiece\n      copying src/sentencepiece/sentencepiece_model_pb2.py -&gt; build/lib.macosx-12.1-arm64-3.10/sentencepiece\n      copying src/sentencepiece/sentencepiece_pb2.py -&gt; build/lib.macosx-12.1-arm64-3.10/sentencepiece\n      running build_ext\n      Package sentencepiece was not found in the pkg-config search path.\n      Perhaps you should add the directory containing `sentencepiece.pc'\n      to the PKG_CONFIG_PATH environment variable\n      No package 'sentencepiece' found\n      Cloning into 'sentencepiece'...\n      Note: switching to 'd8711f55d9b2cb9c77a00adcc18108482b29b675'.\n\n      You are in 'detached HEAD' state. You can look around, make experimental\n      changes and commit them, and you can discard any commits you make in this\n      state without impacting any branches by switching back to a branch.\n\n      If you want to create a new branch to retain commits you create, you may\n      do so (now or later) by using -c with the switch command. Example:\n\n        git switch -c &lt;new-branch-name&gt;\n\n      Or undo this operation with:\n\n        git switch -\n\n      Turn off this advice by setting config variable advice.detachedHead to false\n\n      ./build_bundled.sh: line 15: cmake: command not found\n      ./build_bundled.sh: line 16: nproc: command not found\n      make: *** No targets specified and no makefile found.  Stop.\n      make: *** No rule to make target `install'.  Stop.\n      Package sentencepiece was not found in the pkg-config search path.\n      Perhaps you should add the directory containing `sentencepiece.pc'\n      to the PKG_CONFIG_PATH environment variable\n      No package 'sentencepiece' found\n      Failed to find sentencepiece pkg-config\n      [end of output]\n\n  note: This error originates from a subprocess, and is likely not a problem with pip.\nerror: legacy-install-failure\n\n\u00d7 Encountered error while trying to install package.\n\u2570\u2500&gt; sentencepiece\n\nnote: This is an issue with the package mentioned above, not pip.\nhint: See above for output from the failure.\n</code></pre> <p>check if cmake is installed</p> <p><code>cmake -h</code> -&gt; <code>zsh: command not found: cmake</code></p> <p>Install cmake <code>brew install cmake</code></p> <p>Try again <code>pip install fastbook</code></p> <p>It failed with following log</p> <pre><code>...\n                                              ^\n      In file included from src/sentencepiece/sentencepiece_wrap.cxx:2808:\n      /Library/Developer/CommandLineTools/SDKs/MacOSX.sdk/usr/include/c++/v1/cmath:642:26: error: no template named 'numeric_limits'\n          bool _FloatBigger = (numeric_limits&lt;_FloatT&gt;::digits &gt; numeric_limits&lt;_IntT&gt;::digits),\n                               ^\n      /Library/Developer/CommandLineTools/SDKs/MacOSX.sdk/usr/include/c++/v1/cmath:642:60: error: no template named 'numeric_limits'\n          bool _FloatBigger = (numeric_limits&lt;_FloatT&gt;::digits &gt; numeric_limits&lt;_IntT&gt;::digits),\n                                                                 ^\n      /Library/Developer/CommandLineTools/SDKs/MacOSX.sdk/usr/include/c++/v1/cmath:643:18: error: no template named 'numeric_limits'\n          int _Bits = (numeric_limits&lt;_IntT&gt;::digits - numeric_limits&lt;_FloatT&gt;::digits)&gt;\n                       ^\n      /Library/Developer/CommandLineTools/SDKs/MacOSX.sdk/usr/include/c++/v1/cmath:643:50: error: no template named 'numeric_limits'\n          int _Bits = (numeric_limits&lt;_IntT&gt;::digits - numeric_limits&lt;_FloatT&gt;::digits)&gt;\n                                                       ^\n      /Library/Developer/CommandLineTools/SDKs/MacOSX.sdk/usr/include/c++/v1/cmath:648:17: error: no template named 'numeric_limits'\n        static_assert(numeric_limits&lt;_FloatT&gt;::radix == 2, \"FloatT has incorrect radix\");\n                      ^\n      /Library/Developer/CommandLineTools/SDKs/MacOSX.sdk/usr/include/c++/v1/cmath:651:25: error: no template named 'numeric_limits'\n        return _FloatBigger ? numeric_limits&lt;_IntT&gt;::max() :  (numeric_limits&lt;_IntT&gt;::max() &gt;&gt; _Bits &lt;&lt; _Bits);\n                              ^\n      /Library/Developer/CommandLineTools/SDKs/MacOSX.sdk/usr/include/c++/v1/cmath:651:58: error: no template named 'numeric_limits'\n        return _FloatBigger ? numeric_limits&lt;_IntT&gt;::max() :  (numeric_limits&lt;_IntT&gt;::max() &gt;&gt; _Bits &lt;&lt; _Bits);\n                                                               ^\n      /Library/Developer/CommandLineTools/SDKs/MacOSX.sdk/usr/include/c++/v1/cmath:645:25: error: no return statement in constexpr function\n      _LIBCPP_CONSTEXPR _IntT __max_representable_int_for_float() _NOEXCEPT {\n                              ^\n      /Library/Developer/CommandLineTools/SDKs/MacOSX.sdk/usr/include/c++/v1/cmath:661:16: error: no template named 'numeric_limits'\n        using _Lim = numeric_limits&lt;_IntT&gt;;\n                     ^\n      /Library/Developer/CommandLineTools/SDKs/MacOSX.sdk/usr/include/c++/v1/cmath:664:12: error: use of undeclared identifier '_Lim'\n          return _Lim::max();\n                 ^\n      /Library/Developer/CommandLineTools/SDKs/MacOSX.sdk/usr/include/c++/v1/cmath:665:21: error: use of undeclared identifier '_Lim'\n        } else if (__r &lt;= _Lim::lowest()) {\n                          ^\n      /Library/Developer/CommandLineTools/SDKs/MacOSX.sdk/usr/include/c++/v1/cmath:666:12: error: use of undeclared identifier '_Lim'\n          return _Lim::min();\n                 ^\n      197 warnings and 12 errors generated.\n      error: command '/usr/bin/clang' failed with exit code 1\n      [end of output]\n\n  note: This error originates from a subprocess, and is likely not a problem with pip.\nerror: legacy-install-failure\n\n\u00d7 Encountered error while trying to install package.\n\u2570\u2500&gt; sentencepiece\n\nnote: This is an issue with the package mentioned above, not pip.\nhint: See above for output from the failure.\n</code></pre> <p>try to install sentencepiece via pip directly <code>pip install sentencepiece</code></p> <p>Still getting the same error as above.</p> <p>Looks like there is no wheel for python 3.10 for mac os and it tries to build it in my local machine. There is a wheel for 3.9 so let's try that.</p> <pre><code>pyenv install 3.9.13\npyenv local 3.9.13\nrm -rf venv\npython -m venv venv\nsource ./venv/bin/activate\n</code></pre> <p>try again: <code>pip install fastbook</code></p> <p>Success!!</p> <p><pre><code>import fastbook\n</code></pre> -&gt; error <code>ModuleNotFoundError: No module named '_lzma'</code></p> <p>Let's try the solution as per this post: https://stackoverflow.com/a/69517932</p> <pre><code>brew install xz\npyenv uninstall 3.9.13\npyenv install 3.9.13\nrm -rf venv\npython -m venv venv\nsource ./venv/bin/activate\npip install fastbook\n</code></pre> <p>try again</p> <p><pre><code>import fastbook\n</code></pre> -&gt; <pre><code>...\nexcept ModuleNotFoundError: warn(\"Missing `ipywidgets` - please install it\")\n</code></pre></p> <p>let's try <code>pip install ipywidgets</code></p> <p>try again</p> <pre><code>import fastbook\n</code></pre> <p>This time got warning only <pre><code>~/.../venv/lib/python3.9/site-packages/torchvision/io/image.py:13: UserWarning: Failed to load image Python extension: dlopen(~/.../venv/lib/python3.9/site-packages/torchvision/image.so, 0x0006): Symbol not found: __ZN3c106detail19maybe_wrap_dim_slowExxb\n  Referenced from: ~/.../venv/lib/python3.9/site-packages/torchvision/image.so\n  Expected in: ~/.../venv/lib/python3.9/site-packages/torch/lib/libc10.dylib\n  warn(f\"Failed to load image Python extension: {e}\")\n</code></pre></p> <p>The notebook from git repo is working now!!</p>"},{"location":"german_pr_application/","title":"How I applied for German PR","text":"<p>On 2019.03.01 I came to Germany and started my employment at Zalando. By the 2021.12.01 I was eligible to apply for PR with A1 level.</p> <p>I referred to the Permanent settlement permit for EU Blue Card holders page on Berlin Service Portal to prepare the documents.</p>"},{"location":"german_pr_application/#sent-an-email-to-landesmt-on-20220320","title":"Sent an email to Landesmt on 2022.03.20","text":"<pre><code>To: E3@lea.berlin.de\nSubject: Application for Niederlassungserlaubnis\n\nSehr geehrte Damen und Herren,\n\nMein Name ist {FULL NAME AS PER PASSPORT} und ich bin seit M\u00e4rz 2019 in Berlin.\n\nIch habe eine Blaue Karte, die am {DD.MM.YYYY} abl\u00e4uft.\n\nIch arbeite als Senior Software Engineer bei der Zalando SE und habe einen unbefristeten Arbeitsvertrag.\n\nHiermit beantrage ich die Niederlassungserlaubnis.\n\nDie erforderlichen Unterlagen finden Sie im Anhang.\n1. Reisepass und Blaue Karte\n2. Biometrisches Foto\n3.1. Arbeitsvertrag\n3.2. Arbeitgeberbescheinigung\n3.3. Gehaltsabrechnungen der letzten 6 Monate\n4. Wohnungsmietvertrag\n5. Rentenauskunft (Altersrente)\n6. Krankenversicherungskarte (TK-Karte).\n7. Anmeldung\n8. Zertifikat Deutsch A2 - KERN\n\nLassen Sie es mich wissen, wenn Sie weitere Informationen ben\u00f6tigen.\n\nMit freundlichen Gr\u00fc\u00dfe,\nAnil Bharadia\n</code></pre> <p>Email address</p> <p>If you are not from India, the email address could be different than <code>E3@lea.berlin.de</code>. Refer this page to find the email based on your country/region.</p> <p>Details about the attachments:</p> <p><code>1. Reisepass und Blaue Karte</code>  A single PDF containing the scan copies of:     my current passport,     my expired passport (which is mentioned in my blue card),      my blue card front and back page,     zusatsblatt that I received with my blue card</p> <p><code>2. Biometrisches Foto</code> I a took photo in my mobile and printed on a photopaper at home. I kept the paper copy for the appointment and sent the same photo's soft copy in email.</p> <p><code>3.1. Arbeitsvertrag</code> Employment contract</p> <p><code>3.2. Arbeitgeberbescheinigung</code> I donwloaded this from Zalando's employee portal</p> <p><code>3.3. Gehaltsabrechnungen der letzten 6 Monate</code> Payslips of last 6 months</p> <p><code>4. Wohnungsmietvertrag</code> Apartment rental contract</p> <p><code>5. Rentenauskunft (Altersrente)</code> Pension statement that I dowloaded from the AusweisApp2     - TODO: Explain how to get this</p> <p><code>6. Krankenversicherungskarte (TK-Karte)</code> Scan copy of my TK card (front and back in a single PDF file)</p> <p><code>7. Anmeldung</code> The Anmeldebest\u00e4tigung I got from B\u00fcrgeramt</p> <p><code>8. Zertifikat Deutsch A2 - KERN</code> I attended the German language courses provided by Zalando via KERN. So I asked the person from KERN (who enrolled me earlier) to send me the certificate of participation. </p>"},{"location":"german_pr_application/#got-a-reply-from-landesamt-on-20220413","title":"Got a reply from Landesamt on 2022.04.13","text":"<pre><code>Sehr geehrter Herr Bharadia,\n\nanbei die Vorladung f\u00fcr die voraussichtliche Erteilung der Niederlassungserlaubnis am 05.05.2022.\nDie mitzubringenden Unterlagen k\u00f6nnen Sie dem beigef\u00fcgtem Schreiben entnehmen.\n\nMit freundlichen Gr\u00fc\u00dfen\nIm Auftrag\n\nxxx\n</code></pre> <p>The attachment in this email was a PDF file with the following information:</p> <ul> <li>Date and time of the appointment</li> <li>The address of the appointment (Friedrich-Krause-Ufer 24, 13353 Berlin)</li> <li>The name of the waiting room and the Waitingnumber</li> <li>A list of docuemtns to bring          Translation    <pre><code>I would ask you to bring the following documents with you (please also note the following page):\n- Passport\n- Employer's confirmation of an ongoing employment relationship (not older than 14 days) \n  and proof of net earnings from 03/2022\n- Current membership certificate of your health insurance\n- Registration certificate\n- A current biometric passport photo (35mm x 45mm, frontal photo with a neutral facial expression and closed mouth looking straight into the camera, light background)\n- Fee 113.00 EUR\n</code></pre> </li> </ul>"},{"location":"german_pr_application/#visited-the-landesamt-on-20220505","title":"Visited the Landesamt on 2022.05.05","text":"<p>So I went to the landesamt with the following documents</p> <ul> <li><code>Passport</code> (in my case the current and the expired one)</li> <li><code>Arbeitgeberbescheinigung</code><ul> <li>I downloaded a new Arbeitgeberbescheinigung from Zalado's internal portal as it was more than 14 days since I sent it in the email.</li> </ul> </li> <li><code>Pay slips</code> of March and April 2022</li> <li><code>Confirmation about the insurance cover with TK</code> Downloaded it from TK's website</li> <li><code>Anmeldung</code></li> <li><code>Photo</code></li> </ul> <p>At the gate of the Landesamt, I showed the appointment PDF I got from the email mentioned above, to the security person to get into the building.</p> <p>Went to the waiting room mentioned in the PDF. There were TV screens shwing the waiting nummer. When my number came I went to the mentioned room.</p> <p>There was a young lady who asked me to give her the documents. I handed the documents as mentioned above.</p> <p>Then she asked me the following questions in German.</p> <pre><code>- What is your birth date?\n- Do you have siblings?\n- What are your hobbies ?\n</code></pre> <p>Then she asked me to go to the waiting room again, and come back when my waiting nummber apper on the TV. She kept the douments with her.</p> <p>I went to waiting room and after 5-10 minutes my number appeared again so I went there again.</p> <p>This time she asked me to sign on the tablet and asked me two more questions:</p> <pre><code>- What is your height?\n- What is your eye color?\n</code></pre> <p>Then she printed and gave me a confirmation letter. And told me that I will get the electronic permit (card) by 4 to 6 weeks.</p> <p>And then she returned me all my documents and gave me a card to pay the fee.</p> <pre><code>If you are new to this: \n    It is like a credit card. That you can enter into the payment machine, \n    the machine will take it and ask to pay via your bank card.\n    I went to waiting room again where there was the payment machine, \n    there I paid the fee.\n</code></pre> <p>The confirmation letter I got from this visit mentioned this:</p> <pre><code>The production of the card can take a few weeks, so that the electronic residence permit cannot be expected to be sent before June 16, 2022.\n</code></pre>"},{"location":"german_pr_application/#got-the-residence-permit-on-20220609","title":"Got the Residence Permit on 2022.06.09","text":"<p>Got a letter with PIN on 2022.05.28</p> <p>Got the PR card on 2022.06.09</p>"},{"location":"german_pr_application/#activated-the-onlineid-function-of-the-resident-permit","title":"Activated the OnlineID Function of the Resident Permit","text":"<p>Checked if my card is activated for the online ID function via AusweisApp2 android app.</p> <p></p> <p>So this confirms that online ID feature of my card is disabled. Hence I tried to activate it. </p> <p>I found here that there is anther way to activate, which is to visit B\u00fcrgeramt. </p> <p>I booked an appointment via the Online-Ausweisfunktion (eID) - nachtr\u00e4glich aktivieren page on Berlin Service Portal</p> <p>I went to the B\u00fcrgeramt. The person from Burgeramt asked me if I received the card via mail. She said the cards sent via mail are not activated for online id function. Also she informed that she cannot activate the card, she can only reset the PIN. To activate I need to send and email to landesamt. I need to look at the letter that came along with the card, on that letter on the top right corner there will be the email id which I should send an email to. </p> <p>(When I looked at that letter, it is also mentioned there that the OnlineId function is not activated. \ud83e\udd26\u200d\u2642\ufe0f)</p> <p>So I sent an email to the Landesamt.</p> <pre><code>Subject: Antrag auf Aktivierung der Online-Ausweisfunktion f\u00fcr den elektronischen Aufenthaltstitel\n\nGesch\u00e4ftszeichen: {file number mentioned in the letter in the top right corner}\n\nSehr geehrter Herr {name of the person},\n\nMein Name ist Anil Bharadia (geboren am {DD.MM.YYYY}).\nIch habe k\u00fcrzlich den elektronischen Aufenthaltstitel mit deaktivierter Online-Ausweisfunktion erhalten.\n\nIch habe versucht, den Aktivierungsbrief online zu bestellen, aber ich erhalte eine Meldung, dass meine Karte nicht unterst\u00fctzt wird. Bitte sehen Sie sich den Screenshot unten an.\n{image.png}\n\nIch habe daf\u00fcr auch ein B\u00fcrgeramt aufgesucht, und die Antwort von dort war, Ihnen eine E-Mail zu schicken.\n\nK\u00f6nnen Sie mir bitte helfen, die Online-Ausweisfunktion zu aktivieren?\n\nIch freue mich auf deine Antwort.\n\nMit freundlichen Gr\u00fc\u00dfe,\nAnil Bharadia\n</code></pre> <p>I got a reply next day morning:</p> <pre><code>Sehr geehrter Herr Bharadia,\n\nich habe Ihnen gerade einen Termin gebucht. Bitte schauen Sie in Ihrem Email Postfach nach.\n\nMit freundlichen Gr\u00fc\u00dfen\nIm Auftrag\nHerr {name}\n</code></pre> <p>There was an email for Termin (2 months in future) with the following information:</p> <pre><code>Voraussetzungen / Erforderliche Unterlagen:\n\n- Bestellung des eAT ist erfolgt\n    Ein Antrag auf Erteilung eines Aufenthaltstitels\n(Aufenthaltserlaubnis, Blaue Karte EU, Niederlassungserlaubnis oder\nErlaubnis zum Daueraufenthalt-EU) muss positiv entschieden und der eAT\nbei der Bundesdruckerei bestellt worden sein.\n\n- Pers\u00f6nliche Abholung oder durch eine bevollm\u00e4chtigte Person\n- Pass oder Passersatz\n- Bisheriger eAT\n    Soweit vorhanden, ist der eAT zum bisherigen Aufenthaltstitel\nmitzubringen.\n\n- Vollmacht und Pass / Personalausweis des oder der Bevollm\u00e4chtigten\n    Der eAT kann durch eine bevollm\u00e4chtigte Person abgeholt werden.\n\n\nKosten:\nkeine\n</code></pre> <p>I will update after this visit.</p>"},{"location":"git/","title":"Git","text":""},{"location":"git/#change-git-user-for-a-repository","title":"Change Git user for a repository","text":"<pre><code>git config user.name \"anilbhradia\"\ngit config user.email \"anil.bharadia@gmail.com\"\n</code></pre>"},{"location":"git/#use-github-token","title":"Use Github token","text":"<p>Open <code>nano .git/config</code></p> <p>Replace the following line <pre><code>[remote \"origin\"]\n        url = https://github.com/anilbharadia/anilbharadia.github.io.git\n</code></pre> With <pre><code>[remote \"origin\"]\n        url = https://xxx@github.com/anilbharadia/anilbharadia.github.io.git\n</code></pre> Where <code>xxx</code> is the token</p>"},{"location":"git/#use-atom-as-a-git-editor","title":"Use atom as a git editor","text":"<pre><code>git config --global core.editor \"atom --wait\"\n</code></pre>"},{"location":"git/#change-user-of-a-commit","title":"Change user of a commit","text":"<p>Ref: https://stackoverflow.com/a/3042512</p> <p><code>git rebase -i HEAD~1</code></p> <p>This opens editor (atom) with content like: <pre><code>pick 012a345 update instructions for local env setup in README.md\n\n# ...\n</code></pre></p> <p>Change <code>pick</code> to <code>edit</code>, save, and close the editor.</p> <p><code>git commit --amend --author=\"Author Name &lt;email@address.com&gt;\"</code></p> <p>It will open the editor again to set the commit message. Update the message, save, and close atom.</p> <p><code>git rebase --continue</code></p> <p><code>git push -f</code></p> <p>done.</p>"},{"location":"git/#delete-last-commit","title":"Delete last commit","text":"<pre><code>    git reset --hard HEAD~1 # remove commit and all changes\n    git reset --soft HEAD~1 # remove commit but keep all changes\n</code></pre>"},{"location":"gpg_key/","title":"GPG Key","text":"<p>check if gpg is installed </p> <p><code>gpg -h</code> -&gt; <code>zsh: command not found: gpg</code></p> <p>not installed.</p>"},{"location":"gpg_key/#install-gpg","title":"Install GPG","text":"<pre><code>brew install gnupg\n</code></pre>"},{"location":"gpg_key/#import-private-key","title":"Import private key","text":"<p>If you have it generared it in another machine.</p> <pre><code>gpg --import ~/Downloads/Secret.asc\n</code></pre>"},{"location":"gpg_key/#find-the-key-id","title":"Find the key id","text":"<pre><code>gpg --list-keys\n</code></pre> <p>This prints following <pre><code>/Users/abharadia/.gnupg/pubring.kbx\n-----------------------------------\npub   rsa4096 2022-06-18 [SC] [expires: 2026-06-18]\n      ACACACACACACAC1111111111QQQQZZZZABCDEFGH\nuid           [ unknown] username &lt;user.name@gmail.com&gt;\nsub   rsa4096 2022-06-18 [E] [expires: 2026-06-18]\n</code></pre></p> <p>Here the last 8 characters <code>ABCDEFGH</code> is the key id</p>"},{"location":"gpg_key/#create-a-secring-file","title":"Create a secring file","text":"<p>This can be used to sign the artifacts before publishing to maven repo.</p> <pre><code>gpg --keyring secring.gpg --export-secret-key ABCDEFGH &gt; secring.gpg\n</code></pre> <p>returns <code>gpg: keyblock resource '/Users/abharadia/.gnupg/secring.gpg': No such file or directory</code></p> <pre><code>gpg --export-secret-key ABCDEFGH &gt; secring.gpg\n</code></pre> <p>This worked</p>"},{"location":"gpg_key/#todo","title":"TODO","text":"<p>How to generate GPG key to sign maven packages before publishing to maven central repo</p>"},{"location":"how-i-invited-my-parents-to-germany/","title":"How I invited my parents to Germany","text":""},{"location":"how-i-invited-my-parents-to-germany/#decide-the-dates","title":"Decide the dates","text":"<ul> <li>Entry date: <code>2023.xx.xx</code></li> <li>Exit date: <code>2023.xx.xx</code></li> </ul>"},{"location":"how-i-invited-my-parents-to-germany/#book-an-appointment-for-verpflichtungserklarung","title":"Book an appointment for Verpflichtungserkl\u00e4rung","text":"<p>Appointment via: https://service.berlin.de/dienstleistung/120691/en</p> <p>After booking, I was checking daily if there is a slot available for ealier date and luckily I got one.</p>"},{"location":"how-i-invited-my-parents-to-germany/#documents-to-be-prepated","title":"Documents to be prepated","text":"<ul> <li> <p>Angaben zur Verpflichtungserkl\u00e4rung (Formal obligation)</p> <ul> <li>Blank Form: labo-4030-antrag-ve-08-19.pdf</li> <li>Filled Form: TODO</li> </ul> </li> <li> <p>Belehrung zur Speicherung und Nutzung der Antragsdaten im VIS (Instruction regarding the storage and use of application data in the VIS)</p> <ul> <li>Blank Form: labo-4031-belehrung-antragsdaten-vis.pdf</li> <li>Filled Form: TODO</li> </ul> </li> <li> <p>zusatzerklaerung (Additional declaration of commitment)</p> <ul> <li>Blank Form: labo-4384-zusatzerklaerung-zur-ve-09-19.pdf</li> <li>I did not fill this form, just took a printout of the blank form</li> </ul> </li> </ul>"},{"location":"intellij_idea/","title":"IDEA Shortcuts","text":""},{"location":"intellij_idea/#idea-navigate-through-the-changes-in-the-file","title":"Idea - Navigate through the changes in the file","text":"<p>idea move to the next change</p> <p><code>\u2303</code> <code>\u2325</code> <code>\u21e7</code> <code>\u2193</code> or <code>\u2303</code> <code>\u2325</code> <code>\u21e7</code> <code>\u2191</code></p>"},{"location":"mac_disable_ctrl_space_input_language_selection/","title":"Mac disable ctrl space input language selection","text":"<p>When I press ctrl + space while writing code, instead of showing the auto-complete drop down it shows the dropdown to change the language.</p> <p>This apple support page also states that this is a shortcut to switch language: </p> <ul> <li>Open system preferences<code>\uf8ff</code> \u2192 <code>System Preferences...</code> </li> <li>Select <code>Language &amp; Region</code> </li> <li>Click on <code>Keyboard Preferences...</code> button</li> <li>Select <code>Shortcuts</code> tab</li> <li>Select <code>Input Sources</code> from the list shown in left side</li> <li>Deselect (or change) the following checkboxes<ul> <li>[ ] Select the previous input source \u2303Space</li> <li>[ ] Select next source in input menu \u2303\u2325Space</li> </ul> </li> </ul> <p>ref: https://www.webnots.com/keyboard-shortcut-to-switch-language-in-mac-and-windows-10/</p>"},{"location":"mac_open_file_dialog_show_hidden_files/","title":"Mac - open files dialog show hidden files","text":"<p>It is not showing the hidden files for example <code>.env</code></p> <p>Solution: <code>\u2318</code> <code>\u21e7</code> <code>.</code></p>"},{"location":"mac_shortcuts/","title":"Mac Shortcuts","text":""},{"location":"mac_shortcuts/#copy-file-content-to-clipboard","title":"copy file content to clipboard","text":"<pre><code>pbcopy &lt; file.txt\n</code></pre> <p>or</p> <pre><code>cat file.txt | pbcopy\n</code></pre>"},{"location":"mac_shortcuts/#key-symbols","title":"Key Symbols","text":"<p><code>\u21e7</code> <code>\u2303</code> <code>\u2325</code> <code>\u2318</code> <code>\u232b</code> <code>\u23ce</code> <code>\u2191</code> <code>\u2193</code> <code>\u2190</code> <code>\u2192</code> <code>\uf8ff</code></p>"},{"location":"mac_shortcuts/#show-hidden-files","title":"Show hidden files","text":"<p><code>\u2318</code> <code>\u21e7</code> <code>.</code></p>"},{"location":"mac_shortcuts/#mac-enable-function-keys-by-default","title":"mac - enable function keys by default","text":"<p>ref: https://support.feralinteractive.com/en/faqs/fkeys/</p> <ul> <li> <p>Open System Preferences (<code>\uf8ff</code> \u2192 <code>System Preferences...</code>).</p> </li> <li> <p>Select <code>Keyboard</code> (or <code>Keyboard and Mouse</code> depending on the version of Mac OS X you are running).</p> </li> <li> <p>Select the <code>Keyboard</code> tab.</p> </li> <li> <p>Check the checkbox <code>Use F1, F2, etc. keys as standard function keys</code></p> </li> </ul>"},{"location":"mkdocs-enable-code-syntax-highlight/","title":"MkDocs Material - Enable code syntax highlights","text":"<p>The code block in mkdocs code block are not highlighted with different colors. All the text is shown as grey like this:</p> <p></p> <p>Add following lines to <code>mkdocs.yml</code></p> <pre><code>markdown_extensions:\n  - pymdownx.highlight:\n      anchor_linenums: true\n  - pymdownx.inlinehilite\n  - pymdownx.snippets\n  - pymdownx.superfences\n</code></pre> <p>Still it did not work.</p> <p>It worked when I replaced <code>```kt</code> </p> <p>with </p> <p><code>``` kotlin</code></p> <p></p> <p>ref: https://squidfunk.github.io/mkdocs-material/reference/code-blocks/</p>"},{"location":"mkdocs_serve_another_port/","title":"mkdocs serve use another different port","text":"<pre><code>$ mkdocs serve\nINFO     -  Building documentation...\nINFO     -  Cleaning site directory\nINFO     -  Documentation built in 0.62 seconds\nOSError: [Errno 48] Address already in use\n</code></pre> <pre><code>$ mkdocs serve -a localhost:9000\n</code></pre> <p>worked!</p>"},{"location":"postgres-select-current-week-iso-format/","title":"PostgreSQL select current week in iso format","text":"<pre><code>select \n    to_char(current_date, 'iyyyiw')::int as current_week,\n    to_char(current_date - interval '1 week', 'iyyyiw')::int as prev_week\n;\n</code></pre> <p>https://www.db-fiddle.com/f/r9uhZeKzjzPb5mV9RnVUaQ/0</p>"},{"location":"presto/","title":"Presto","text":""},{"location":"presto/#convert-varchar-to-timestamp","title":"Convert varchar to timestamp","text":"<pre><code>select from_iso8601_timestamp('2022-06-26T23:59:58.730Z')\n</code></pre>"},{"location":"presto/#difference-between-two-timestamp","title":"Difference between two timestamp","text":"<pre><code>select from_iso8601_timestamp('2022-06-26T23:59:58.730Z') - from_iso8601_timestamp('2022-06-26T22:59:58.730Z') as diff;\n</code></pre> <p>in days</p> <pre><code>select date_diff('day',from_iso8601_timestamp('2022-06-21T02:59:58.730Z'), from_iso8601_timestamp('2022-06-26T23:59:58.730Z')) as diff;\n</code></pre>"},{"location":"questions/","title":"Questions","text":""},{"location":"questions/#what-is-shared-nothing-architecture","title":"What is shared nothing architecture?","text":""},{"location":"ubuntu-cron/","title":"Create a Cron Job in Ubuntu","text":"<p>Put a shell script in one of these folders:  <code>/etc/cron.daily</code>,  <code>/etc/cron.hourly</code>,  <code>/etc/cron.monthly</code> or  <code>/etc/cron.weekly</code>.</p> <p>Reference: https://askubuntu.com/a/2369</p>"},{"location":"ubuntu-systemd-timer/","title":"Ubuntu - Create a new systemd timer","text":""},{"location":"ubuntu-systemd-timer/#create-timer-file","title":"create timer file","text":"<p>create a file <code>/etc/systemd/system/my-app.timer</code> with the following content</p> <pre><code>[Unit]\nDescription=Restart MyApp every hour\n\n[Timer]\nOnCalendar=hourly\n\n[Install]\nWantedBy=timers.target\n</code></pre>"},{"location":"ubuntu-systemd-timer/#enable-the-timer","title":"enable the timer","text":"<pre><code>sudo systemctl daemon-reload\nsudo systemctl enable --now my-app.timer\n</code></pre> <p>Check if the service is created: <pre><code>systemctl status my-app.timer\n</code></pre></p> <p>ref:  - https://wiki.archlinux.org/title/Systemd/Timers - https://linuxhint.com/cron_systemd_timer/ -</p>"},{"location":"ubuntu_create_service/","title":"Ubuntu - Create a new systemd service","text":""},{"location":"ubuntu_create_service/#how-to-create-a-new-systemd-service-on-ubuntu","title":"How to create a new systemd service on ubuntu","text":"<p>create a file <code>/etc/systemd/system/my-app.service</code> with the following content</p> <pre><code>[Unit]\nDescription=My Service \nAfter=network.target\n\n\n[Service]\nEnvironment=\"HOME=/root\"\nEnvironmentFile=/home/anil/prod.env\nExecStart=/home/anil/jdk-15.0.1/bin/java -jar /home/anil/my-app.jar\nType=simple\nRestart=always\n\n[Install]\nWantedBy=default.target\n</code></pre> <p>Check if the service is created: <pre><code>$ systemctl status my-app.service\n\u25cf my-app.service - My Service\n     Loaded: loaded (/etc/systemd/system/my-app.service; disabled; vendor preset: enabled)\n     Active: inactive (dead)\n</code></pre></p> <p>Create aliases to manage service <pre><code>echo \"alias myapp-status='systemctl status my-app.service'\" &gt;&gt; ~/.bashrc\necho \"alias myapp-start='systemctl start my-app.service'\" &gt;&gt; ~/.bashrc\necho \"alias myapp-restart='systemctl restart my-app.service'\" &gt;&gt; ~/.bashrc\necho \"alias myapp-stop='systemctl stop my-app.service'\" &gt;&gt; ~/.bashrc\necho \"alias myapp-logs='journalctl -u my-app.service -e -f'\" &gt;&gt; ~/.bashrc\n</code></pre></p> <p>ref: manpage</p>"},{"location":"ubuntu_enable_ssh_from_network/","title":"Ubuntu - Enable ssh from local network","text":"<p>How can I ssh into a ubuntu machine which is connected to the same wifi?</p> <p>try <pre><code>$ ssh anil@192.168.0.20\nssh: connect to host 192.168.0.20 port 22: Connection refused\n</code></pre></p> <p>Install openssh server on ubuntu.</p> <pre><code>sudo apt-get install openssh-server\n</code></pre> <p>try again: <pre><code>$ ssh anil@192.168.0.20\nanil@anil-notebook:~$ \n</code></pre></p> <p>It worked!</p>"},{"location":"unix-append-text-at-the-end-of-a-file/","title":"Unix - Append text at the end of a file","text":"<pre><code>echo \"alias myapp-status='systemctl status my-app.service'\" &gt;&gt; ~/.bashrc\n</code></pre>"},{"location":"vscode_shortcuts/","title":"VS Code shortcuts","text":""},{"location":"vscode_shortcuts/#open-cpmmand-palette","title":"Open cpmmand palette","text":"<p><code>\u2318</code> <code>\u21e7</code> <code>P</code></p>"},{"location":"vscode_shortcuts/#view-markdown-preview","title":"View markdown preview","text":"<p><code>\u2318</code> <code>\u21e7</code> <code>V</code></p>"},{"location":"vscode_shortcuts/#copy-line","title":"copy line","text":"<p><code>\u2325</code> <code>\u21e7</code> <code>\u2193</code> OR <code>\u2325</code> <code>\u21e7</code> <code>\u2191</code></p>"},{"location":"vscode_shortcuts/#move-line","title":"Move line","text":"<p><code>\u2325</code> <code>\u2193</code> OR <code>\u2325</code> <code>\u2191</code></p>"},{"location":"vscode_shortcuts/#reveal-file-in-explorer","title":"Reveal file in explorer","text":"<p><code>\u2318</code> <code>\u21e7</code> <code>P</code> -&gt; type <code>reveal</code> -&gt;  choose <code>reveal active file in explorer view</code></p>"},{"location":"vscode_shortcuts/#delete-file","title":"Delete file","text":"<p><code>\u2318</code> <code>\u232b</code></p>"},{"location":"vscode_shortcuts/#vscode-change-switch-editor-tab-or-files","title":"vscode change / switch editor tab or files","text":"<p><code>\u2318</code> <code>\u2325</code> <code>\u2190</code> or <code>\u2318</code> <code>\u2325</code> <code>\u2192</code></p>"},{"location":"what_is_LSP/","title":"What is LSP (Liskov substitution principle)","text":""},{"location":"what_is_LSP/#todo","title":"TODO","text":""},{"location":"german/kasus/","title":"Kasus","text":""},{"location":"german/kasus/#object-der-tisch-masculine","title":"Object: Der Tisch (Masculine)","text":"<ul> <li>Der schwarze Tisch ist gro\u00df. (Nominativ)</li> <li>Ich habe den schwarzen Tisch. (Akkusativ)</li> <li>Das Buch liegt auf dem schwarzen Tisch. (Dativ)</li> <li>Dies ist ein Bein des schwarzen Tisches. (Genitiv)</li> </ul>"},{"location":"german/kasus/#object-das-auto-neuter","title":"Object: Das Auto (Neuter)","text":"<ul> <li>Das neue Auto ist schnell. (Nominativ)</li> <li>Ich fahre das neue Auto. (Akkusativ)</li> <li>Meine Tochter sitzt im neuen Auto. (Dativ)</li> <li>Der Kofferraum des neuen Autos ist gro\u00df. (Genitiv)</li> </ul>"},{"location":"german/kasus/#object-die-lampe-feminine","title":"Object: Die Lampe (Feminine)","text":"<ul> <li>Die alte Lampe ist wundersch\u00f6n. (Nominativ)</li> <li>Ich habe die alte Lampe. (Akkusativ)</li> <li>Ein K\u00e4fer sitzt auf der alten Lampe. (Dativ)</li> <li>Die Farbe der alten Lampe ist wichtig. (Genitiv)</li> </ul>"},{"location":"german/kasus/#object-die-bucher-plural","title":"Object: Die B\u00fccher (Plural)","text":"<ul> <li>Die kleinen B\u00fccher sind interessant (Nominativ)</li> <li>Ich lese die kleinen B\u00fccher (Akkusativ)</li> <li>In den kleinen B\u00fcchern sind viele Bilder. (Dativ)</li> <li>Die Seiten der kleinen B\u00fccher sind gelb (Genitiv)</li> </ul>"},{"location":"google-sheets/google-sheets/","title":"Google Sheets","text":""},{"location":"google-sheets/google-sheets/#highlight-row-based-on-iso-week","title":"Highlight row based on iso week","text":"<p>Formula: <pre><code>=$B2=CONCATENATE(ISOWEEKNUM(now()), \"/\", ISOWEEKNUM(now()) + 1)\n</code></pre></p> <p>Example File</p>"},{"location":"java/could-not-initialize-class-LanguageLevel/","title":"Could not initialize class org.jetbrains.kotlin.com.intellij.pom.java.LanguageLevel","text":"<p>Getting error:</p> <pre><code>$ ./gradlew --no-build-cache --rerun-tasks clean build\n...\n&gt; Task :generateJooq\nOct 26, 2022 3:49:55 PM org.jooq.tools.JooqLogger info\nINFO: Initialising properties  : ~/project-x/build/tmp/generateJooq/config.xml\nOct 26, 2022 3:49:55 PM org.jooq.tools.JooqLogger warn\nWARNING: org.xml.sax.SAXParseException; lineNumber: 1; columnNumber: 1226; cvc-complex-type.2.4.a: Invalid content was found starting with element '{\"http://www.jooq.org/xsd/jooq-codegen-3.13.0.xsd\":includeDomains}'.  \n...\n&gt; Task :compileKotlin FAILED\ne: java.lang.NoClassDefFoundError: Could not initialize class org.jetbrains.kotlin.com.intellij.pom.java.LanguageLevel\n        at org.jetbrains.kotlin.com.intellij.core.CoreLanguageLevelProjectExtension.&lt;init&gt;(CoreLanguageLevelProjectExtension.java:26)\n        at org.jetbrains.kotlin.com.intellij.core.JavaCoreProjectEnvironment.&lt;init&gt;(JavaCoreProjectEnvironment.java:42)\n        at org.jetbrains.kotlin.cli.jvm.compiler.KotlinCoreProjectEnvironment.&lt;init&gt;(KotlinCoreProjectEnvironment.kt:26)\n        at org.jetbrains.kotlin.cli.jvm.compiler.KotlinCoreEnvironment$ProjectEnvironment.&lt;init&gt;(KotlinCoreEnvironment.kt:121)\n        at org.jetbrains.kotlin.cli.jvm.compiler.KotlinCoreEnvironment$Companion.createForProduction(KotlinCoreEnvironment.kt:425)\n        at org.jetbrains.kotlin.cli.jvm.K2JVMCompiler.createCoreEnvironment(K2JVMCompiler.kt:226)\n        at org.jetbrains.kotlin.cli.jvm.K2JVMCompiler.doExecute(K2JVMCompiler.kt:152)\n        at org.jetbrains.kotlin.cli.jvm.K2JVMCompiler.doExecute(K2JVMCompiler.kt:52)\n        at org.jetbrains.kotlin.cli.common.CLICompiler.execImpl(CLICompiler.kt:88)\n        at org.jetbrains.kotlin.cli.common.CLICompiler.execImpl(CLICompiler.kt:44)\n        at org.jetbrains.kotlin.cli.common.CLITool.exec(CLITool.kt:98)\n        at org.jetbrains.kotlin.incremental.IncrementalJvmCompilerRunner.runCompiler(IncrementalJvmCompilerRunner.kt:386)\n        at org.jetbrains.kotlin.incremental.IncrementalJvmCompilerRunner.runCompiler(IncrementalJvmCompilerRunner.kt:110)\n        at org.jetbrains.kotlin.incremental.IncrementalCompilerRunner.compileIncrementally(IncrementalCompilerRunner.kt:286)\n        at org.jetbrains.kotlin.incremental.IncrementalCompilerRunner.compileImpl$rebuild(IncrementalCompilerRunner.kt:99)\n        at org.jetbrains.kotlin.incremental.IncrementalCompilerRunner.compileImpl(IncrementalCompilerRunner.kt:114)\n        at org.jetbrains.kotlin.incremental.IncrementalCompilerRunner.compile(IncrementalCompilerRunner.kt:74)\n        at org.jetbrains.kotlin.daemon.CompileServiceImplBase.execIncrementalCompiler(CompileServiceImpl.kt:607)\n        at org.jetbrains.kotlin.daemon.CompileServiceImplBase.access$execIncrementalCompiler(CompileServiceImpl.kt:96)\n        at org.jetbrains.kotlin.daemon.CompileServiceImpl.compile(CompileServiceImpl.kt:1659)\n        at java.base/jdk.internal.reflect.DirectMethodHandleAccessor.invoke(DirectMethodHandleAccessor.java:104)\n        at java.base/java.lang.reflect.Method.invoke(Method.java:577)\n        at java.rmi/sun.rmi.server.UnicastServerRef.dispatch(UnicastServerRef.java:360)\n        at java.rmi/sun.rmi.transport.Transport$1.run(Transport.java:200)\n        at java.rmi/sun.rmi.transport.Transport$1.run(Transport.java:197)\n        at java.base/java.security.AccessController.doPrivileged(AccessController.java:712)\n        at java.rmi/sun.rmi.transport.Transport.serviceCall(Transport.java:196)\n        at java.rmi/sun.rmi.transport.tcp.TCPTransport.handleMessages(TCPTransport.java:598)\n        at java.rmi/sun.rmi.transport.tcp.TCPTransport$ConnectionHandler.run0(TCPTransport.java:844)\n        at java.rmi/sun.rmi.transport.tcp.TCPTransport$ConnectionHandler.lambda$run$0(TCPTransport.java:721)\n        at java.base/java.security.AccessController.doPrivileged(AccessController.java:399)\n        at java.rmi/sun.rmi.transport.tcp.TCPTransport$ConnectionHandler.run(TCPTransport.java:720)\n        at java.base/java.util.concurrent.ThreadPoolExecutor.runWorker(ThreadPoolExecutor.java:1136)\n        at java.base/java.util.concurrent.ThreadPoolExecutor$Worker.run(ThreadPoolExecutor.java:635)\n        at java.base/java.lang.Thread.run(Thread.java:833)\nCaused by: java.lang.ExceptionInInitializerError: Exception java.lang.ExceptionInInitializerError [in thread \"RMI TCP Connection(2)-127.0.0.1\"]\n        at org.jetbrains.kotlin.com.intellij.pom.java.LanguageLevel.&lt;clinit&gt;(LanguageLevel.java:25)\n        ... 35 more\n\n\n&gt; Task :dockerStop\ngenerateJooqSource\n\nFAILURE: Build failed with an exception.\n\n* What went wrong:\nExecution failed for task ':compileKotlin'.\n&gt; Internal compiler error. See log for more details\n</code></pre>"},{"location":"java/could-not-initialize-class-LanguageLevel/#solution-upgrade-kotlin-version-from-1432-to-1621","title":"Solution: Upgrade kotlin version from <code>1.4.32</code> to <code>1.6.21</code>","text":"build.gradle<pre><code>buildscript {\n    ext {\n        ...\n        kotlin_version = \"1.6.21\"\n        ...\n    }\n}\n</code></pre>"},{"location":"java/flyway-clean-disabled/","title":"Unable to execute clean as it has been disabled with the 'flyway.cleanDisabled' property.","text":""},{"location":"java/flyway-clean-disabled/#solution-set-cleandisabled-to-false-with-command-line-arg","title":"Solution: set <code>cleanDisabled</code> to <code>false</code> with command line arg","text":"<pre><code>$ flyway -cleanDisabled=\"false\"  clean\n</code></pre> <p>Reference: https://flywaydb.org/documentation/configuration/parameters/cleanDisabled</p>"},{"location":"java/gradle-java-version/","title":"Find which version of java used by gradle","text":"<pre><code>$ ./gradlew -version\n\n------------------------------------------------------------\nGradle 6.8.3\n------------------------------------------------------------\n\nBuild time:   2021-02-22 16:13:28 UTC\nRevision:     9e26b4a9ebb910eaa1b8da8ff8575e514bc61c78\n\nKotlin:       1.4.20\nGroovy:       2.5.12\nAnt:          Apache Ant(TM) version 1.10.9 compiled on September 27 2020\nJVM:          18.0.1.1 (Homebrew 18.0.1.1+0) # (1)\nOS:           Mac OS X 12.4 aarch64\n</code></pre> <ol> <li>Here it shows the java version</li> </ol>"},{"location":"java/gradle-set-java-version/","title":"Gradle set Java version","text":""},{"location":"java/gradle_build_failed_/","title":"Gradle build failed - Could not create an instance of type org.gradle.initialization.DefaultSettings_Decorated","text":"<pre><code>$ ./gradlew clean build\n\nFAILURE: Build failed with an exception.\n\n* What went wrong:\nCould not create an instance of type org.gradle.initialization.DefaultSettings_Decorated.\n&gt; Could not initialize class org.codehaus.groovy.runtime.InvokerHelper\n\n* Try:\nRun with --stacktrace option to get the stack trace. Run with --info or --debug option to get more log output. Run with --scan to get full insights.\n\n* Get more help at https://help.gradle.org\n\nBUILD FAILED in 0s\n</code></pre> <p>This post suggest to update gradle wrapper.</p> <p>Check the current version:</p> <pre><code>$ ./gradlew -version\n\n------------------------------------------------------------\nGradle 5.0\n------------------------------------------------------------\n\nBuild time:   2018-11-26 11:48:43 UTC\nRevision:     7fc6e5abf2fc5fe0824aec8a0f5462664dbcd987\n\nKotlin DSL:   1.0.4\nKotlin:       1.3.10\nGroovy:       2.5.4\nAnt:          Apache Ant(TM) version 1.9.13 compiled on July 10 2018\nJVM:          18.0.1.1 (Homebrew 18.0.1.1+0)\nOS:           Mac OS X 12.4 aarch64\n</code></pre>"},{"location":"java/gradle_dependency_import_incompatible_error/","title":"Gradle dependency import incompatible error","text":"<p>added <code>implementation(\"io.github.xxx:xxx:0.2.0\")</code> as dependency and run <code>Refresh Dradle Depenceies</code> from idea.</p> <pre><code>Incompatible because this component declares an API of a component compatible with Java 18 and the consumer needed a runtime of a component compatible with Java 16\n</code></pre> <p>Running <code>./gradlew clean build</code> is wrking fine.</p> <p>It seems idea is using different jdk than terminal. It was.</p> <p>Changed the SDK from idea settings, from 16 to 18. And try again.</p> <p>It worked.</p>"},{"location":"java/gradle_publishToMavenLocal_not_working/","title":"Gradle publishToMavenLocal not putting file in local repo","text":"<pre><code>$ ./gradlew publishToMavenLocal\n\nBUILD SUCCESSFUL in 2s\n</code></pre> <p>The new file is not present in <code>~/.m2/repository/...</code></p> <p>Root cause:</p> <p>In the <code>build.gradle.kts</code> file, there were two places where I defined version and forgot to update the second one.</p> <pre><code>...\nversion = \"0.2.0\"\n\npublishing {\n    publications {\n        create&lt;MavenPublication&gt;(\"mavenJava\") {\n            ...\n            version = \"0.1.1\"\n            ...\n</code></pre> <p>Sollution is to change it like this:</p> <pre><code>...\nversion = \"0.2.0\"\n\npublishing {\n    publications {\n        create&lt;MavenPublication&gt;(\"mavenJava\") {\n            ...\n            version = project.version.toString()\n            ...\n</code></pre> <p>And it worked!</p>"},{"location":"java/gradle_wrapper_upgrade_version/","title":"Upgrade Gradle Wrapper","text":"<p>Try updating as per their official guide.</p> <pre><code>$ ./gradlew wrapper --gradle-version 7.4.2\n\nFAILURE: Build failed with an exception.\n\n* What went wrong:\nCould not create an instance of type org.gradle.initialization.DefaultSettings_Decorated.\n&gt; Could not initialize class org.codehaus.groovy.runtime.InvokerHelper\n\n* Try:\nRun with --stacktrace option to get the stack trace. Run with --info or --debug option to get more log output. Run with --scan to get full insights.\n\n* Get more help at https://help.gradle.org\n\nBUILD FAILED in 0s\n</code></pre> <p>In the <code>./gradle/wrapper/gradle-wrapper.properties</code> file, change <code>distributionUrl</code> as:</p> <pre><code>distributionUrl=https\\://services.gradle.org/distributions/gradle-7.4.2-all.zip\n</code></pre> <p>Then build again</p> <pre><code>$ ./gradlew clean build\n\nFAILURE: Build failed with an exception.\n\n* What went wrong:\nCould not initialize class org.jetbrains.kotlin.gradle.plugin.sources.DefaultKotlinSourceSetKt\n&gt; Exception java.lang.NoSuchMethodException: org.gradle.api.internal.file.DefaultSourceDirectorySet.&lt;init&gt;(java.lang.String,org.gradle.api.internal.file.FileResolver,org.gradle.api.internal.file.collections.DirectoryFileTreeFactory) [in thread \"Daemon worker\"]\n\n* Try:\n&gt; Run with --stacktrace option to get the stack trace.\n&gt; Run with --info or --debug option to get more log output.\n&gt; Run with --scan to get full insights.\n\n* Get more help at https://help.gradle.org\n\nBUILD FAILED in 349ms\n</code></pre> <p>As per this post, update the kotlin version.</p> <p>In the <code>build.gradle.kts</code> file</p> <pre><code>plugins {\n    val kotlinVersion = \"1.7.0\"\n    id(\"org.jetbrains.kotlin.jvm\") version kotlinVersion\n    id(\"org.jetbrains.kotlin.plugin.jpa\") version kotlinVersion\n    id(\"org.jetbrains.kotlin.plugin.spring\") version kotlinVersion\n</code></pre> <p>And build again:</p> <pre><code>$ ./gradlew clean build\n\nFAILURE: Build failed with an exception.\n\n* What went wrong:\n'java.lang.String org.jetbrains.kotlin.gradle.plugin.KotlinPluginWrapper.getKotlinPluginVersion()'\n\n* Try:\n&gt; Run with --stacktrace option to get the stack trace.\n&gt; Run with --info or --debug option to get more log output.\n&gt; Run with --scan to get full insights.\n\n* Get more help at https://help.gradle.org\n\nBUILD FAILED in 8s\n</code></pre> <p>downgrade gradle wrapper version to 7.1.1 <pre><code>distributionUrl=https\\://services.gradle.org/distributions/gradle-7.1.1-all.zip\n</code></pre></p> <p>And build again:</p> <pre><code>\u2717 ./gradlew clean build\n\nFAILURE: Build failed with an exception.\n\n* Where:\nSettings file '~/.../settings.gradle'\n\n* What went wrong:\nCould not compile settings file '~/.../settings.gradle'.\n&gt; startup failed:\n  General error during conversion: Unsupported class file major version 62\n\n  java.lang.IllegalArgumentException: Unsupported class file major version 62\n        at groovyjarjarasm.asm.ClassReader.&lt;init&gt;(ClassReader.java:189)\n        at groovyjarjarasm.asm.ClassReader.&lt;init&gt;(ClassReader.java:170)\n        at groovyjarjarasm.asm.ClassReader.&lt;init&gt;(ClassReader.java:156)\n        at groovyjarjarasm.asm.ClassReader.&lt;init&gt;(ClassReader.java:277)\n        at org.codehaus.groovy.ast.decompiled.AsmDecompiler.parseClass(AsmDecompiler.java:81)\n        at org.codehaus.groovy.control.ClassNodeResolver.findDecompiled(ClassNodeResolver.java:251)\n        at org.codehaus.groovy.control.ClassNodeResolver.tryAsLoaderClassOrScript(ClassNodeResolver.java:189)\n        at org.codehaus.groovy.control.ClassNodeResolver.findClassNode(ClassNodeResolver.java:169)\n        at org.codehaus.groovy.control.ClassNodeResolver.resolveName(ClassNodeResolver.java:125)\n        at org.codehaus.groovy.ast.decompiled.AsmReferenceResolver.resolveClassNullable(AsmReferenceResolver.java:57)\n        at org.codehaus.groovy.ast.decompiled.AsmReferenceResolver.resolveClass(AsmReferenceResolver.java:44)\n        at org.codehaus.groovy.ast.decompiled.AsmReferenceResolver.resolveNonArrayType(AsmReferenceResolver.java:79)\n        at org.codehaus.groovy.ast.decompiled.AsmReferenceResolver.resolveType(AsmReferenceResolver.java:70)\n        at org.codehaus.groovy.ast.decompiled.MemberSignatureParser.createMethodNode(MemberSignatureParser.java:57)\n        at org.codehaus.groovy.ast.decompiled.DecompiledClassNode.lambda$createMethodNode$1(DecompiledClassNode.java:230)\n        at org.codehaus.groovy.ast.decompiled.DecompiledClassNode.createMethodNode(DecompiledClassNode.java:236)\n        at org.codehaus.groovy.ast.decompiled.DecompiledClassNode.lazyInitMembers(DecompiledClassNode.java:203)\n        at org.codehaus.groovy.ast.decompiled.DecompiledClassNode.getDeclaredMethods(DecompiledClassNode.java:122)\n        at org.codehaus.groovy.ast.ClassNode.tryFindPossibleMethod(ClassNode.java:1283)\n        at org.codehaus.groovy.control.StaticImportVisitor.transformMethodCallExpression(StaticImportVisitor.java:251)\n        at org.codehaus.groovy.control.StaticImportVisitor.transform(StaticImportVisitor.java:133)\n        at org.codehaus.groovy.ast.ClassCodeExpressionTransformer.visitExpressionStatement(ClassCodeExpressionTransformer.java:108)\n        at org.codehaus.groovy.ast.stmt.ExpressionStatement.visit(ExpressionStatement.java:40)\n        at org.codehaus.groovy.ast.ClassCodeVisitorSupport.visitClassCodeContainer(ClassCodeVisitorSupport.java:138)\n        at org.codehaus.groovy.ast.ClassCodeVisitorSupport.visitConstructorOrMethod(ClassCodeVisitorSupport.java:111)\n        at org.codehaus.groovy.ast.ClassCodeExpressionTransformer.visitConstructorOrMethod(ClassCodeExpressionTransformer.java:66)\n        at org.codehaus.groovy.control.StaticImportVisitor.visitConstructorOrMethod(StaticImportVisitor.java:108)\n        at org.codehaus.groovy.ast.ClassCodeVisitorSupport.visitConstructor(ClassCodeVisitorSupport.java:101)\n        at org.codehaus.groovy.ast.ClassNode.visitContents(ClassNode.java:1089)\n        at org.codehaus.groovy.ast.ClassCodeVisitorSupport.visitClass(ClassCodeVisitorSupport.java:52)\n        at org.codehaus.groovy.control.CompilationUnit.lambda$addPhaseOperations$3(CompilationUnit.java:209)\n        at org.codehaus.groovy.control.CompilationUnit$IPrimaryClassNodeOperation.doPhaseOperation(CompilationUnit.java:942)\n        at org.codehaus.groovy.control.CompilationUnit.processPhaseOperations(CompilationUnit.java:671)\n        at org.codehaus.groovy.control.CompilationUnit.compile(CompilationUnit.java:635)\n        at groovy.lang.GroovyClassLoader.doParseClass(GroovyClassLoader.java:389)\n        at groovy.lang.GroovyClassLoader.lambda$parseClass$3(GroovyClassLoader.java:332)\n        at org.codehaus.groovy.runtime.memoize.StampedCommonCache.compute(StampedCommonCache.java:163)\n        at org.codehaus.groovy.runtime.memoize.StampedCommonCache.getAndPut(StampedCommonCache.java:154)\n        at groovy.lang.GroovyClassLoader.parseClass(GroovyClassLoader.java:330)\n        at org.gradle.groovy.scripts.internal.DefaultScriptCompilationHandler.compileScript(DefaultScriptCompilationHandler.java:139)\n        at org.gradle.groovy.scripts.internal.DefaultScriptCompilationHandler.compileToDir(DefaultScriptCompilationHandler.java:95)\n        at org.gradle.groovy.scripts.internal.BuildOperationBackedScriptCompilationHandler$2.run(BuildOperationBackedScriptCompilationHandler.java:54)\n        at org.gradle.internal.operations.DefaultBuildOperationRunner$1.execute(DefaultBuildOperationRunner.java:29)\n        at org.gradle.internal.operations.DefaultBuildOperationRunner$1.execute(DefaultBuildOperationRunner.java:26)\n        at org.gradle.internal.operations.DefaultBuildOperationRunner$3.execute(DefaultBuildOperationRunner.java:75)\n        at org.gradle.internal.operations.DefaultBuildOperationRunner$3.execute(DefaultBuildOperationRunner.java:68)\n        at org.gradle.internal.operations.DefaultBuildOperationRunner.execute(DefaultBuildOperationRunner.java:153)\n        at org.gradle.internal.operations.DefaultBuildOperationRunner.execute(DefaultBuildOperationRunner.java:68)\n        at org.gradle.internal.operations.DefaultBuildOperationRunner.run(DefaultBuildOperationRunner.java:56)\n        at org.gradle.internal.operations.DefaultBuildOperationExecutor.lambda$run$1(DefaultBuildOperationExecutor.java:74)\n        at org.gradle.internal.operations.UnmanagedBuildOperationWrapper.runWithUnmanagedSupport(UnmanagedBuildOperationWrapper.java:45)\n        at org.gradle.internal.operations.DefaultBuildOperationExecutor.run(DefaultBuildOperationExecutor.java:74)\n        at org.gradle.groovy.scripts.internal.BuildOperationBackedScriptCompilationHandler.compileToDir(BuildOperationBackedScriptCompilationHandler.java:51)\n        at org.gradle.groovy.scripts.internal.FileCacheBackedScriptClassCompiler$CompileToCrossBuildCacheAction.execute(FileCacheBackedScriptClassCompiler.java:190)\n        at org.gradle.groovy.scripts.internal.FileCacheBackedScriptClassCompiler$CompileToCrossBuildCacheAction.execute(FileCacheBackedScriptClassCompiler.java:170)\n        at org.gradle.groovy.scripts.internal.FileCacheBackedScriptClassCompiler$ProgressReportingInitializer.execute(FileCacheBackedScriptClassCompiler.java:211)\n        at org.gradle.groovy.scripts.internal.FileCacheBackedScriptClassCompiler$ProgressReportingInitializer.execute(FileCacheBackedScriptClassCompiler.java:194)\n        at org.gradle.cache.internal.DefaultPersistentDirectoryCache$Initializer.initialize(DefaultPersistentDirectoryCache.java:100)\n        at org.gradle.cache.internal.FixedSharedModeCrossProcessCacheAccess$1.run(FixedSharedModeCrossProcessCacheAccess.java:86)\n        at org.gradle.cache.internal.DefaultFileLockManager$DefaultFileLock.doWriteAction(DefaultFileLockManager.java:216)\n        at org.gradle.cache.internal.DefaultFileLockManager$DefaultFileLock.writeFile(DefaultFileLockManager.java:206)\n        at org.gradle.cache.internal.FixedSharedModeCrossProcessCacheAccess.open(FixedSharedModeCrossProcessCacheAccess.java:83)\n        at org.gradle.cache.internal.DefaultCacheAccess.open(DefaultCacheAccess.java:139)\n        at org.gradle.cache.internal.DefaultPersistentDirectoryStore.open(DefaultPersistentDirectoryStore.java:89)\n        at org.gradle.cache.internal.DefaultPersistentDirectoryStore.open(DefaultPersistentDirectoryStore.java:43)\n        at org.gradle.cache.internal.DefaultCacheFactory.doOpen(DefaultCacheFactory.java:103)\n        at org.gradle.cache.internal.DefaultCacheFactory.open(DefaultCacheFactory.java:68)\n        at org.gradle.cache.internal.DefaultCacheRepository$PersistentCacheBuilder.open(DefaultCacheRepository.java:126)\n        at org.gradle.groovy.scripts.internal.FileCacheBackedScriptClassCompiler.compile(FileCacheBackedScriptClassCompiler.java:116)\n        at org.gradle.groovy.scripts.internal.CrossBuildInMemoryCachingScriptClassCache.getOrCompile(CrossBuildInMemoryCachingScriptClassCache.java:50)\n        at org.gradle.groovy.scripts.internal.BuildScopeInMemoryCachingScriptClassCompiler.compile(BuildScopeInMemoryCachingScriptClassCompiler.java:50)\n        at org.gradle.groovy.scripts.DefaultScriptCompilerFactory$ScriptCompilerImpl.compile(DefaultScriptCompilerFactory.java:49)\n        at org.gradle.configuration.DefaultScriptPluginFactory$ScriptPluginImpl.apply(DefaultScriptPluginFactory.java:125)\n        at org.gradle.configuration.BuildOperationScriptPlugin$1.run(BuildOperationScriptPlugin.java:65)\n        at org.gradle.internal.operations.DefaultBuildOperationRunner$1.execute(DefaultBuildOperationRunner.java:29)\n        at org.gradle.internal.operations.DefaultBuildOperationRunner$1.execute(DefaultBuildOperationRunner.java:26)\n        at org.gradle.internal.operations.DefaultBuildOperationRunner$3.execute(DefaultBuildOperationRunner.java:75)\n        at org.gradle.internal.operations.DefaultBuildOperationRunner$3.execute(DefaultBuildOperationRunner.java:68)\n        at org.gradle.internal.operations.DefaultBuildOperationRunner.execute(DefaultBuildOperationRunner.java:153)\n        at org.gradle.internal.operations.DefaultBuildOperationRunner.execute(DefaultBuildOperationRunner.java:68)\n        at org.gradle.internal.operations.DefaultBuildOperationRunner.run(DefaultBuildOperationRunner.java:56)\n        at org.gradle.internal.operations.DefaultBuildOperationExecutor.lambda$run$1(DefaultBuildOperationExecutor.java:74)\n        at org.gradle.internal.operations.UnmanagedBuildOperationWrapper.runWithUnmanagedSupport(UnmanagedBuildOperationWrapper.java:45)\n        at org.gradle.internal.operations.DefaultBuildOperationExecutor.run(DefaultBuildOperationExecutor.java:74)\n        at org.gradle.configuration.BuildOperationScriptPlugin.lambda$apply$0(BuildOperationScriptPlugin.java:62)\n        at org.gradle.configuration.internal.DefaultUserCodeApplicationContext.apply(DefaultUserCodeApplicationContext.java:44)\n        at org.gradle.configuration.BuildOperationScriptPlugin.apply(BuildOperationScriptPlugin.java:62)\n        at org.gradle.initialization.ScriptEvaluatingSettingsProcessor.applySettingsScript(ScriptEvaluatingSettingsProcessor.java:74)\n        at org.gradle.initialization.ScriptEvaluatingSettingsProcessor.process(ScriptEvaluatingSettingsProcessor.java:67)\n        at org.gradle.initialization.SettingsEvaluatedCallbackFiringSettingsProcessor.process(SettingsEvaluatedCallbackFiringSettingsProcessor.java:34)\n        at org.gradle.initialization.RootBuildCacheControllerSettingsProcessor.process(RootBuildCacheControllerSettingsProcessor.java:47)\n        at org.gradle.initialization.BuildOperationSettingsProcessor$2.call(BuildOperationSettingsProcessor.java:50)\n        at org.gradle.initialization.BuildOperationSettingsProcessor$2.call(BuildOperationSettingsProcessor.java:47)\n        at org.gradle.internal.operations.DefaultBuildOperationRunner$CallableBuildOperationWorker.execute(DefaultBuildOperationRunner.java:200)\n        at org.gradle.internal.operations.DefaultBuildOperationRunner$CallableBuildOperationWorker.execute(DefaultBuildOperationRunner.java:195)\n        at org.gradle.internal.operations.DefaultBuildOperationRunner$3.execute(DefaultBuildOperationRunner.java:75)\n        at org.gradle.internal.operations.DefaultBuildOperationRunner$3.execute(DefaultBuildOperationRunner.java:68)\n        at org.gradle.internal.operations.DefaultBuildOperationRunner.execute(DefaultBuildOperationRunner.java:153)\n        at org.gradle.internal.operations.DefaultBuildOperationRunner.execute(DefaultBuildOperationRunner.java:68)\n        at org.gradle.internal.operations.DefaultBuildOperationRunner.call(DefaultBuildOperationRunner.java:62)\n        at org.gradle.internal.operations.DefaultBuildOperationExecutor.lambda$call$2(DefaultBuildOperationExecutor.java:79)\n        at org.gradle.internal.operations.UnmanagedBuildOperationWrapper.callWithUnmanagedSupport(UnmanagedBuildOperationWrapper.java:54)\n        at org.gradle.internal.operations.DefaultBuildOperationExecutor.call(DefaultBuildOperationExecutor.java:79)\n        at org.gradle.initialization.BuildOperationSettingsProcessor.process(BuildOperationSettingsProcessor.java:47)\n        at org.gradle.initialization.DefaultSettingsLoader.findSettingsAndLoadIfAppropriate(DefaultSettingsLoader.java:119)\n        at org.gradle.initialization.DefaultSettingsLoader.findAndLoadSettings(DefaultSettingsLoader.java:56)\n        at org.gradle.initialization.SettingsAttachingSettingsLoader.findAndLoadSettings(SettingsAttachingSettingsLoader.java:35)\n        at org.gradle.internal.composite.CommandLineIncludedBuildSettingsLoader.findAndLoadSettings(CommandLineIncludedBuildSettingsLoader.java:34)\n        at org.gradle.internal.composite.ChildBuildRegisteringSettingsLoader.findAndLoadSettings(ChildBuildRegisteringSettingsLoader.java:50)\n        at org.gradle.internal.composite.CompositeBuildSettingsLoader.findAndLoadSettings(CompositeBuildSettingsLoader.java:35)\n        at org.gradle.initialization.InitScriptHandlingSettingsLoader.findAndLoadSettings(InitScriptHandlingSettingsLoader.java:34)\n        at org.gradle.initialization.GradlePropertiesHandlingSettingsLoader.findAndLoadSettings(GradlePropertiesHandlingSettingsLoader.java:39)\n        at org.gradle.initialization.DefaultSettingsPreparer.prepareSettings(DefaultSettingsPreparer.java:31)\n        at org.gradle.initialization.BuildOperationFiringSettingsPreparer$LoadBuild.doLoadBuild(BuildOperationFiringSettingsPreparer.java:62)\n        at org.gradle.initialization.BuildOperationFiringSettingsPreparer$LoadBuild.run(BuildOperationFiringSettingsPreparer.java:57)\n        at org.gradle.internal.operations.DefaultBuildOperationRunner$1.execute(DefaultBuildOperationRunner.java:29)\n        at org.gradle.internal.operations.DefaultBuildOperationRunner$1.execute(DefaultBuildOperationRunner.java:26)\n        at org.gradle.internal.operations.DefaultBuildOperationRunner$3.execute(DefaultBuildOperationRunner.java:75)\n        at org.gradle.internal.operations.DefaultBuildOperationRunner$3.execute(DefaultBuildOperationRunner.java:68)\n        at org.gradle.internal.operations.DefaultBuildOperationRunner.execute(DefaultBuildOperationRunner.java:153)\n        at org.gradle.internal.operations.DefaultBuildOperationRunner.execute(DefaultBuildOperationRunner.java:68)\n        at org.gradle.internal.operations.DefaultBuildOperationRunner.run(DefaultBuildOperationRunner.java:56)\n        at org.gradle.internal.operations.DefaultBuildOperationExecutor.lambda$run$1(DefaultBuildOperationExecutor.java:74)\n        at org.gradle.internal.operations.UnmanagedBuildOperationWrapper.runWithUnmanagedSupport(UnmanagedBuildOperationWrapper.java:45)\n        at org.gradle.internal.operations.DefaultBuildOperationExecutor.run(DefaultBuildOperationExecutor.java:74)\n        at org.gradle.initialization.BuildOperationFiringSettingsPreparer.prepareSettings(BuildOperationFiringSettingsPreparer.java:45)\n        at org.gradle.initialization.VintageBuildModelController.prepareSettings(VintageBuildModelController.java:78)\n        at org.gradle.initialization.VintageBuildModelController.doBuildStages(VintageBuildModelController.java:65)\n        at org.gradle.initialization.VintageBuildModelController.scheduleRequestedTasks(VintageBuildModelController.java:61)\n        at org.gradle.internal.build.DefaultBuildLifecycleController.lambda$scheduleRequestedTasks$1(DefaultBuildLifecycleController.java:112)\n        at org.gradle.internal.build.DefaultBuildLifecycleController.withModel(DefaultBuildLifecycleController.java:134)\n        at org.gradle.internal.build.DefaultBuildLifecycleController.scheduleRequestedTasks(DefaultBuildLifecycleController.java:110)\n        at org.gradle.internal.buildtree.DefaultBuildTreeLifecycleController.lambda$scheduleAndRunTasks$0(DefaultBuildTreeLifecycleController.java:62)\n        at org.gradle.internal.buildtree.DefaultBuildTreeLifecycleController.lambda$doBuild$4(DefaultBuildTreeLifecycleController.java:105)\n        at org.gradle.internal.work.DefaultWorkerLeaseService.withLocks(DefaultWorkerLeaseService.java:213)\n        at org.gradle.internal.buildtree.DefaultBuildTreeLifecycleController.doBuild(DefaultBuildTreeLifecycleController.java:99)\n        at org.gradle.internal.buildtree.DefaultBuildTreeLifecycleController.scheduleAndRunTasks(DefaultBuildTreeLifecycleController.java:61)\n        at org.gradle.tooling.internal.provider.ExecuteBuildActionRunner.run(ExecuteBuildActionRunner.java:31)\n        at org.gradle.launcher.exec.ChainingBuildActionRunner.run(ChainingBuildActionRunner.java:35)\n        at org.gradle.internal.buildtree.ProblemReportingBuildActionRunner.run(ProblemReportingBuildActionRunner.java:50)\n        at org.gradle.launcher.exec.BuildOutcomeReportingBuildActionRunner.run(BuildOutcomeReportingBuildActionRunner.java:69)\n        at org.gradle.tooling.internal.provider.FileSystemWatchingBuildActionRunner.run(FileSystemWatchingBuildActionRunner.java:90)\n        at org.gradle.launcher.exec.BuildCompletionNotifyingBuildActionRunner.run(BuildCompletionNotifyingBuildActionRunner.java:41)\n        at org.gradle.launcher.exec.RootBuildLifecycleBuildActionExecutor.lambda$execute$0(RootBuildLifecycleBuildActionExecutor.java:40)\n        at org.gradle.composite.internal.DefaultRootBuildState.run(DefaultRootBuildState.java:128)\n        at org.gradle.launcher.exec.RootBuildLifecycleBuildActionExecutor.execute(RootBuildLifecycleBuildActionExecutor.java:40)\n        at org.gradle.internal.buildtree.DefaultBuildTreeContext.execute(DefaultBuildTreeContext.java:40)\n        at org.gradle.launcher.exec.BuildTreeLifecycleBuildActionExecutor.lambda$execute$0(BuildTreeLifecycleBuildActionExecutor.java:40)\n        at org.gradle.internal.buildtree.BuildTreeState.run(BuildTreeState.java:53)\n        at org.gradle.launcher.exec.BuildTreeLifecycleBuildActionExecutor.execute(BuildTreeLifecycleBuildActionExecutor.java:40)\n        at org.gradle.launcher.exec.RunAsBuildOperationBuildActionExecutor$3.call(RunAsBuildOperationBuildActionExecutor.java:61)\n        at org.gradle.launcher.exec.RunAsBuildOperationBuildActionExecutor$3.call(RunAsBuildOperationBuildActionExecutor.java:57)\n        at org.gradle.internal.operations.DefaultBuildOperationRunner$CallableBuildOperationWorker.execute(DefaultBuildOperationRunner.java:200)\n        at org.gradle.internal.operations.DefaultBuildOperationRunner$CallableBuildOperationWorker.execute(DefaultBuildOperationRunner.java:195)\n        at org.gradle.internal.operations.DefaultBuildOperationRunner$3.execute(DefaultBuildOperationRunner.java:75)\n        at org.gradle.internal.operations.DefaultBuildOperationRunner$3.execute(DefaultBuildOperationRunner.java:68)\n        at org.gradle.internal.operations.DefaultBuildOperationRunner.execute(DefaultBuildOperationRunner.java:153)\n        at org.gradle.internal.operations.DefaultBuildOperationRunner.execute(DefaultBuildOperationRunner.java:68)\n        at org.gradle.internal.operations.DefaultBuildOperationRunner.call(DefaultBuildOperationRunner.java:62)\n        at org.gradle.internal.operations.DefaultBuildOperationExecutor.lambda$call$2(DefaultBuildOperationExecutor.java:79)\n        at org.gradle.internal.operations.UnmanagedBuildOperationWrapper.callWithUnmanagedSupport(UnmanagedBuildOperationWrapper.java:54)\n        at org.gradle.internal.operations.DefaultBuildOperationExecutor.call(DefaultBuildOperationExecutor.java:79)\n        at org.gradle.launcher.exec.RunAsBuildOperationBuildActionExecutor.execute(RunAsBuildOperationBuildActionExecutor.java:57)\n        at org.gradle.tooling.internal.provider.ContinuousBuildActionExecutor.execute(ContinuousBuildActionExecutor.java:103)\n        at org.gradle.tooling.internal.provider.SubscribableBuildActionExecutor.execute(SubscribableBuildActionExecutor.java:64)\n        at org.gradle.internal.session.DefaultBuildSessionContext.execute(DefaultBuildSessionContext.java:46)\n        at org.gradle.tooling.internal.provider.BuildSessionLifecycleBuildActionExecuter.lambda$execute$0(BuildSessionLifecycleBuildActionExecuter.java:55)\n        at org.gradle.internal.session.BuildSessionState.run(BuildSessionState.java:69)\n        at org.gradle.tooling.internal.provider.BuildSessionLifecycleBuildActionExecuter.execute(BuildSessionLifecycleBuildActionExecuter.java:54)\n        at org.gradle.tooling.internal.provider.BuildSessionLifecycleBuildActionExecuter.execute(BuildSessionLifecycleBuildActionExecuter.java:36)\n        at org.gradle.tooling.internal.provider.GradleThreadBuildActionExecuter.execute(GradleThreadBuildActionExecuter.java:36)\n        at org.gradle.tooling.internal.provider.GradleThreadBuildActionExecuter.execute(GradleThreadBuildActionExecuter.java:25)\n        at org.gradle.tooling.internal.provider.StartParamsValidatingActionExecuter.execute(StartParamsValidatingActionExecuter.java:63)\n        at org.gradle.tooling.internal.provider.StartParamsValidatingActionExecuter.execute(StartParamsValidatingActionExecuter.java:31)\n        at org.gradle.tooling.internal.provider.SessionFailureReportingActionExecuter.execute(SessionFailureReportingActionExecuter.java:58)\n        at org.gradle.tooling.internal.provider.SessionFailureReportingActionExecuter.execute(SessionFailureReportingActionExecuter.java:42)\n        at org.gradle.tooling.internal.provider.SetupLoggingActionExecuter.execute(SetupLoggingActionExecuter.java:47)\n        at org.gradle.tooling.internal.provider.SetupLoggingActionExecuter.execute(SetupLoggingActionExecuter.java:31)\n        at org.gradle.launcher.daemon.server.exec.ExecuteBuild.doBuild(ExecuteBuild.java:65)\n        at org.gradle.launcher.daemon.server.exec.BuildCommandOnly.execute(BuildCommandOnly.java:37)\n        at org.gradle.launcher.daemon.server.api.DaemonCommandExecution.proceed(DaemonCommandExecution.java:104)\n        at org.gradle.launcher.daemon.server.exec.WatchForDisconnection.execute(WatchForDisconnection.java:39)\n        at org.gradle.launcher.daemon.server.api.DaemonCommandExecution.proceed(DaemonCommandExecution.java:104)\n        at org.gradle.launcher.daemon.server.exec.ResetDeprecationLogger.execute(ResetDeprecationLogger.java:29)\n        at org.gradle.launcher.daemon.server.api.DaemonCommandExecution.proceed(DaemonCommandExecution.java:104)\n        at org.gradle.launcher.daemon.server.exec.RequestStopIfSingleUsedDaemon.execute(RequestStopIfSingleUsedDaemon.java:35)\n        at org.gradle.launcher.daemon.server.api.DaemonCommandExecution.proceed(DaemonCommandExecution.java:104)\n        at org.gradle.launcher.daemon.server.exec.ForwardClientInput$2.create(ForwardClientInput.java:78)\n        at org.gradle.launcher.daemon.server.exec.ForwardClientInput$2.create(ForwardClientInput.java:75)\n        at org.gradle.util.internal.Swapper.swap(Swapper.java:38)\n        at org.gradle.launcher.daemon.server.exec.ForwardClientInput.execute(ForwardClientInput.java:75)\n        at org.gradle.launcher.daemon.server.api.DaemonCommandExecution.proceed(DaemonCommandExecution.java:104)\n        at org.gradle.launcher.daemon.server.exec.LogAndCheckHealth.execute(LogAndCheckHealth.java:55)\n        at org.gradle.launcher.daemon.server.api.DaemonCommandExecution.proceed(DaemonCommandExecution.java:104)\n        at org.gradle.launcher.daemon.server.exec.LogToClient.doBuild(LogToClient.java:63)\n        at org.gradle.launcher.daemon.server.exec.BuildCommandOnly.execute(BuildCommandOnly.java:37)\n        at org.gradle.launcher.daemon.server.api.DaemonCommandExecution.proceed(DaemonCommandExecution.java:104)\n        at org.gradle.launcher.daemon.server.exec.EstablishBuildEnvironment.doBuild(EstablishBuildEnvironment.java:84)\n        at org.gradle.launcher.daemon.server.exec.BuildCommandOnly.execute(BuildCommandOnly.java:37)\n        at org.gradle.launcher.daemon.server.api.DaemonCommandExecution.proceed(DaemonCommandExecution.java:104)\n        at org.gradle.launcher.daemon.server.exec.StartBuildOrRespondWithBusy$1.run(StartBuildOrRespondWithBusy.java:52)\n        at org.gradle.launcher.daemon.server.DaemonStateCoordinator$1.run(DaemonStateCoordinator.java:297)\n        at org.gradle.internal.concurrent.ExecutorPolicy$CatchAndRecordFailures.onExecute(ExecutorPolicy.java:64)\n        at org.gradle.internal.concurrent.ManagedExecutorImpl$1.run(ManagedExecutorImpl.java:48)\n        at java.base/java.util.concurrent.ThreadPoolExecutor.runWorker(ThreadPoolExecutor.java:1136)\n        at java.base/java.util.concurrent.ThreadPoolExecutor$Worker.run(ThreadPoolExecutor.java:635)\n        at org.gradle.internal.concurrent.ThreadFactoryImpl$ManagedThreadRunnable.run(ThreadFactoryImpl.java:56)\n        at java.base/java.lang.Thread.run(Thread.java:833)\n\n  1 error\n\n\n* Try:\nRun with --stacktrace option to get the stack trace. Run with --info or --debug option to get more log output. Run with --scan to get full insights.\n\n* Get more help at https://help.gradle.org\n\nBUILD FAILED in 285ms\n</code></pre> <p>On Date: 20220711 </p>"},{"location":"java/java-class-file-major-versions/","title":"Java class file format major versions","text":"Java SE Released Major Supported majors 1.0.2 May 1996 45 45 1.1 February 1997 45 45 1.2 December 1998 46 45 .. 46 1.3 May 2000 47 45 .. 47 1.4 February 2002 48 45 .. 48 5.0 September 2004 49 45 .. 49 6 December 2006 50 45 .. 50 7 July 2011 51 45 .. 51 8 March 2014 52 45 .. 52 9 September 2017 53 45 .. 53 10 March 2018 54 45 .. 54 11 September 2018 55 45 .. 55 12 March 2019 56 45 .. 56 13 September 2019 57 45 .. 57 14 March 2020 58 45 .. 58 15 September 2020 59 45 .. 59 16 March 2021 60 45 .. 60 17 September 2021 61 45 .. 61 18 March 2022 62 45 .. 62 <p>ref: https://docs.oracle.com/javase/specs/jvms/se17/html/jvms-4.html#jvms-4.1-200-B.2</p>"},{"location":"java/java-gradle-build-unsupported-class-file-major-version-62/","title":"Java Gradle - Unsupported class file major version 62","text":"<pre><code>$ ./gradlew build \nStarting a Gradle Daemon (subsequent builds will be faster)\n\nFAILURE: Build failed with an exception.\n\n* Where:\nSettings file '~/.../nakadi/settings.gradle'\n\n* What went wrong:\nCould not compile settings file '~/.../nakadi/settings.gradle'.\n&gt; startup failed:\n  General error during semantic analysis: Unsupported class file major version 62\n\n  java.lang.IllegalArgumentException: Unsupported class file major version 62\n    at groovyjarjarasm.asm.ClassReader.&lt;init&gt;(ClassReader.java:196)\n    ...\n    at java.base/java.lang.Thread.run(Thread.java:833)\n\n  1 error\n\n\n* Try:\nRun with --stacktrace option to get the stack trace. Run with --info or --debug option to get more log output. Run with --scan to get full insights.\n\n* Get more help at https://help.gradle.org\n\nBUILD FAILED in 1s\n</code></pre> <p>Check Java version</p> <pre><code>$ java -version\nopenjdk version \"18.0.1.1\" 2022-04-22\nOpenJDK Runtime Environment Homebrew (build 18.0.1.1+0)\nOpenJDK 64-Bit Server VM Homebrew (build 18.0.1.1+0, mixed mode, sharing)\n</code></pre> <p>Check gradle version</p> <pre><code>$ ./gradlew -version\n\n------------------------------------------------------------\nGradle 6.8.3\n------------------------------------------------------------\n\nBuild time:   2021-02-22 16:13:28 UTC\nRevision:     9e26b4a9ebb910eaa1b8da8ff8575e514bc61c78\n\nKotlin:       1.4.20\nGroovy:       2.5.12\nAnt:          Apache Ant(TM) version 1.10.9 compiled on September 27 2020\nJVM:          18.0.1.1 (Homebrew 18.0.1.1+0)\nOS:           Mac OS X 12.4 aarch64\n</code></pre> <p>As per the compatibility matrix, we need Gradle 7.5+ to work with Java 18</p> <p>Update gradle wrapper</p> <pre><code>$ ./gradlew wrapper --gradle-version 7.5\n\nFAILURE: Build failed with an exception.\n\n* Where:\nSettings file '~/.../nakadi/settings.gradle'\n\n* What went wrong:\nCould not compile settings file '~/.../nakadi/settings.gradle'.\n&gt; startup failed:\n  General error during semantic analysis: Unsupported class file major version 62\n\n  java.lang.IllegalArgumentException: Unsupported class file major version 62\n    at groovyjarjarasm.asm.ClassReader.&lt;init&gt;(ClassReader.java:196)\n    ...\nBUILD FAILED in 323ms\n</code></pre> <p>It seems  I need to downgrade java first. (how to switch java version ?)</p> <pre><code>$ java16\n$ java -version\nopenjdk version \"16.0.2\" 2021-07-20\nOpenJDK Runtime Environment Zulu16.32+15-CA (build 16.0.2+7)\nOpenJDK 64-Bit Server VM Zulu16.32+15-CA (build 16.0.2+7, mixed mode)\n</code></pre> <p>And try again:</p>"},{"location":"java/java-gradle-version-compatibility/","title":"Java Gradle version compatibility","text":"Java version First Gradle version to support it 8 (LTS) 2.0 9 4.3 10 4.7 11 (LTS) 5.0 12 5.4 13 6.0 14 6.3 15 6.7 16 7.0 17 (LTS) 7.3 18 7.5 19 - 20 - 21 (LTS) - <p>Reference: https://docs.gradle.org/current/userguide/compatibility.html</p>"},{"location":"java/java-idea-no-tests-found-for-given-includes/","title":"No tests found for given includes","text":""},{"location":"java/java-idea-no-tests-found-for-given-includes/#problem","title":"Problem","text":"<p>While clicking on run test button in IDEA. <pre><code>Execution failed for task ':lib:test'.\n&gt; No tests found for given includes: [org.abc..ABCTest.shouldDo$abc_lib_test](--tests filter)\n</code></pre></p>"},{"location":"java/java-idea-no-tests-found-for-given-includes/#solution","title":"Solution","text":"<p>Change the idea preference to run test using IDEA instead of gradle.</p> <p>Go to <code>Preferences</code> -&gt; <code>Build, Execution, Deployment</code> -&gt; <code>Build Tools</code> -&gt; <code>Gradle</code> Change the dropdown <code>Run tests using</code> to <code>IntelliJ IDEA</code></p>"},{"location":"java/java-lombok-error/","title":"Java - lombok - error while running gradle build","text":"<pre><code>$ ./gradlew clean build\nStarting a Gradle Daemon, 1 incompatible Daemon could not be reused, use --status for details\n&gt; Task :compileJava FAILED\n\nFAILURE: Build failed with an exception.\n\n* What went wrong:\nExecution failed for task ':compileJava'.\n&gt; java.lang.IllegalAccessError: class lombok.javac.apt.LombokProcessor (in unnamed module @0x5f438f1) cannot access class com.sun.tools.javac.processing.JavacProcessingEnvironment (in module jdk.compiler) because module jdk.compiler does not export com.sun.tools.javac.processing to unnamed module @0x5f438f1\n\n* Try:\n&gt; Run with --stacktrace option to get the stack trace.\n&gt; Run with --info or --debug option to get more log output.\n&gt; Run with --scan to get full insights.\n\n* Get more help at https://help.gradle.org\n\nDeprecated Gradle features were used in this build, making it incompatible with Gradle 8.0.\n\nYou can use '--warning-mode all' to show the individual deprecation warnings and determine if they come from your own scripts or plugins.\n\nSee https://docs.gradle.org/7.4.2/userguide/command_line_interface.html#sec:command_line_warnings\n\nBUILD FAILED in 3s\n2 actionable tasks: 2 executed\n</code></pre> <p>Check java version:</p> <pre><code>$ java -version\nopenjdk version \"16.0.2\" 2021-07-20\nOpenJDK Runtime Environment Zulu16.32+15-CA (build 16.0.2+7)\nOpenJDK 64-Bit Server VM Zulu16.32+15-CA (build 16.0.2+7, mixed mode)\n</code></pre> <p>Lombok version:</p> <pre><code>    compileOnly 'org.projectlombok:lombok:1.18.12'\n    annotationProcessor 'org.projectlombok:lombok:1.18.12'\n</code></pre> <p>As per this post, lombok version 1.18.20 supports java 16.</p> <p>Update lombok version to latest version 1.18.24</p> <pre><code>    compileOnly 'org.projectlombok:lombok:1.18.24'\n    annotationProcessor 'org.projectlombok:lombok:1.18.24'\n</code></pre> <p>Worked!!</p>"},{"location":"java/java-mac-os-use-multiple-versions/","title":"Java MacOS use multiple versions - switch version","text":""},{"location":"java/java-mac-os-use-multiple-versions/#check-installed-versions","title":"Check installed versions","text":"<pre><code>$ /usr/libexec/java_home -V  \nMatching Java Virtual Machines (2):\n    18.0.1.1 (arm64) \"Homebrew\" - \"OpenJDK 18.0.1.1\" /opt/homebrew/Cellar/openjdk/18.0.1.1/libexec/openjdk.jdk/Contents/Home\n    16.0.2 (arm64) \"Azul Systems, Inc.\" - \"Zulu 16.32.15\" /Users/anil/Library/Java/JavaVirtualMachines/azul-16.0.2/Contents/Home\n/opt/homebrew/Cellar/openjdk/18.0.1.1/libexec/openjdk.jdk/Contents/Home\n</code></pre>"},{"location":"java/java-mac-os-use-multiple-versions/#get-java-home-for-specific-version","title":"Get java home for specific version","text":"<pre><code>$ /usr/libexec/java_home -v18\n/opt/homebrew/Cellar/openjdk/18.0.1.1/libexec/openjdk.jdk/Contents/Home\n$ /usr/libexec/java_home -v16\n/Users/anil/Library/Java/JavaVirtualMachines/azul-16.0.2/Contents/Home\n</code></pre>"},{"location":"java/java-mac-os-use-multiple-versions/#create-a-sh-function-to-switch-versions","title":"Create a sh function to switch versions","text":"<p>~/.zshrc<pre><code>jdk() {\n    version=$1\n    export JAVA_HOME=$(/usr/libexec/java_home -v\"$version\");\n    java -version\n}\n</code></pre> Update current termainal session with <code>source ~/.zshrc</code></p>"},{"location":"java/java-mac-os-use-multiple-versions/#switch-the-version-with-this-command","title":"Switch the version with this command","text":"<pre><code>jdk 16\n</code></pre> <p>Example <pre><code>$ java -version\nopenjdk version \"18.0.1.1\" 2022-04-22\nOpenJDK Runtime Environment Homebrew (build 18.0.1.1+0)\nOpenJDK 64-Bit Server VM Homebrew (build 18.0.1.1+0, mixed mode, sharing)\n$ jdk 16\nopenjdk version \"16.0.2\" 2021-07-20\nOpenJDK Runtime Environment Zulu16.32+15-CA (build 16.0.2+7)\nOpenJDK 64-Bit Server VM Zulu16.32+15-CA (build 16.0.2+7, mixed mode)\n$ java -version\nopenjdk version \"16.0.2\" 2021-07-20\nOpenJDK Runtime Environment Zulu16.32+15-CA (build 16.0.2+7)\nOpenJDK 64-Bit Server VM Zulu16.32+15-CA (build 16.0.2+7, mixed mode)\n</code></pre></p> <p>Reference: </p> <ul> <li>https://medium.com/w-logs/installing-java-11-on-macos-with-homebrew-7f73c1e9fadf</li> <li>https://stackoverflow.com/a/52524114/411871</li> </ul>"},{"location":"java/java-postgres-testcontainers-error-on-start/","title":"Java - PostgreSQL - testcontainer error on start - Could not find a valid Docker environment","text":"<pre><code>java.lang.ExceptionInInitializerError\n    at java.base/jdk.internal.reflect.NativeConstructorAccessorImpl.newInstance0(Native Method)\n    ...\n    at worker.org.gradle.process.internal.worker.GradleWorkerMain.main(GradleWorkerMain.java:74)\nCaused by: java.lang.IllegalStateException: Could not find a valid Docker environment. Please see logs and check configuration\n    at org.testcontainers.dockerclient.DockerClientProviderStrategy.lambda$getFirstValidStrategy$7(DockerClientProviderStrategy.java:215)\n    at java.base/java.util.Optional.orElseThrow(Optional.java:403)\n    at org.testcontainers.dockerclient.DockerClientProviderStrategy.getFirstValidStrategy(DockerClientProviderStrategy.java:207)\n    at org.testcontainers.DockerClientFactory.getOrInitializeStrategy(DockerClientFactory.java:136)\n    at org.testcontainers.DockerClientFactory.client(DockerClientFactory.java:178)\n    at org.testcontainers.LazyDockerClient.getDockerClient(LazyDockerClient.java:14)\n    at org.testcontainers.LazyDockerClient.authConfig(LazyDockerClient.java:12)\n    at org.testcontainers.containers.GenericContainer.start(GenericContainer.java:310)\n    ... 78 more\n</code></pre> <p>Check docker is running </p> <p><pre><code>$ docker ps   \nCONTAINER ID   IMAGE     COMMAND   CREATED   STATUS    PORTS     NAMES\n</code></pre>  It is running.</p> <p>Check the testcontainers version</p> <pre><code>testImplementation 'org.testcontainers:postgresql:1.15.1'\n</code></pre> <p>This could be the issue related to Apple M1 processor.</p> <p>from this post, it looks like the issue is solved in the new version of testcontainers.</p> <p>upgradle testcontainers</p> <pre><code>testImplementation 'org.testcontainers:postgresql:1.17.3'\n</code></pre>"},{"location":"java/java-read-from-console/","title":"Java - read from console (stdin)","text":""},{"location":"java/java-read-from-console/#read-integers-from-stdin","title":"Read integers from stdin","text":"<pre><code>import java.util.Scanner;\n...\nScanner in = new Scanner(System.in);\nwhile (in.hasNext()) {\n    int i = in.nextInt();\n    System.out.println(\"You entered int \" + i);\n}\n</code></pre> <p>test this on ideone</p>"},{"location":"java/java_create_a_schduler_thread_do_repeatative_task/","title":"Java create a new thread to do repeatative task","text":"<pre><code>import java.util.*\nimport java.util.concurrent.TimeUnit\nimport kotlin.concurrent.scheduleAtFixedRate\n...\nTimer(\"refresher\", true).scheduleAtFixedRate(\n    TimeUnit.MINUTES.toMillis(5), // First run after 5 minutes\n    TimeUnit.MINUTES.toMillis(5)  // Repeat every 5 minutes\n) { refresh() }\n</code></pre> <p>This code will call <code>refresh()</code> method every 5 minute.</p>"},{"location":"java/java_make_a_fat_jar_with_dependencies/","title":"Java make a fat jar with dependencies using gradle","text":"<p>Modify the <code>jar</code> gradle task to copy dependencies files <pre><code>tasks.jar {\n    manifest.attributes[\"Main-Class\"] = \"org.package.AppKt\"\n    from(configurations.runtimeClasspath.get().map { if (it.isDirectory) it else zipTree(it) })\n}\n</code></pre></p> <p>Try again:</p> <pre><code>$ ./gradlew clean build                 \n\n&gt; Task :compileKotlin\n'compileJava' task (current target is 18) and 'compileKotlin' task (current target is 1.8) jvm target compatibility should be set to the same Java version.\n\n&gt; Task :jar FAILED\n\nFAILURE: Build failed with an exception.\n\n* What went wrong:\nExecution failed for task ':jar'.\n&gt; Entry META-INF/versions/9/module-info.class is a duplicate but no duplicate handling strategy has been set. Please refer to https://docs.gradle.org/7.4.2/dsl/org.gradle.api.tasks.Copy.html#org.gradle.api.tasks.Copy:duplicatesStrategy for details.\n\n* Try:\n&gt; Run with --stacktrace option to get the stack trace.\n&gt; Run with --info or --debug option to get more log output.\n&gt; Run with --scan to get full insights.\n\n* Get more help at https://help.gradle.org\n</code></pre> <p>Add duplicate strategy as suggested by gradle</p> <pre><code>tasks.jar {\n    ...\n    from(configurations.runtimeClasspath.get().map { if (it.isDirectory) it else zipTree(it) })\n    duplicatesStrategy = DuplicatesStrategy.EXCLUDE\n}\n</code></pre> <p>Try again</p> <pre><code>$ ./gradlew clean build\n\n&gt; Task :compileKotlin\n'compileJava' task (current target is 18) and 'compileKotlin' task (current target is 1.8) jvm target compatibility should be set to the same Java version.\n\nBUILD SUCCESSFUL in 6s\n</code></pre> <p>ref:  - https://www.baeldung.com/gradle-fat-jar - https://stackoverflow.com/a/43998029</p>"},{"location":"java/java_no_main_manifest_attribute_in_jar/","title":"Java no main manifest attribute, in MyApp.jar","text":"<pre><code>$ java -jar ./build/libs/MyApp.jar \nno main manifest attribute, in ./build/libs/MyApp.jar\n</code></pre> <p>In <code>build.gradle.kts</code> file add:</p> <pre><code>tasks.jar {\n    manifest.attributes[\"Main-Class\"] = \"org.package.AppKt\"\n}\n</code></pre>"},{"location":"java/java_write_milliseconds_in_readable_way/","title":"Java write milliseconds in a readable way","text":"<p>While writing java code where let's say I need to pass an argument which takes milliseconds. </p> <p>example: <pre><code>import java.util.Timer\n\nTimer(\"refresher\", true).schedule(refresh(), 300000)\n</code></pre></p> <p>I find that confusing about what does <code>300000</code> mean. </p> <p>I know it is millis but it doesn't click immediately what duration it represents. </p> <p>One alternative is </p> <pre><code>Timer(\"refresher\", true).schedule(refresh(), 1000*60*5)\n</code></pre> <p>This give a hint that it is 5 minutes. However, it still puts a small cognitive load.</p> <p>A better alternative is </p> <pre><code>import java.util.concurrent.TimeUnit\n\nTimer(\"refresher\", true).schedule(refresh(), TimeUnit.MINUTES.toMillis(5))\n</code></pre>"},{"location":"java/kotlin-jacoco-error-while-creating-report/","title":"Kotlin Jacoco - Error while creating report","text":"<pre><code>$ ./gradlew --no-build-cache --rerun-tasks clean build --stacktrace\n...\nCaused by: java.io.IOException: Error while analyzing ~/project-x/build/classes/kotlin/main/de/org/MyClass.class.\n        at org.jacoco.core.analysis.Analyzer.analyzerError(Analyzer.java:162)\n        at org.jacoco.core.analysis.Analyzer.analyzeClass(Analyzer.java:134)\n        at org.jacoco.core.analysis.Analyzer.analyzeClass(Analyzer.java:157)\n        at org.jacoco.core.analysis.Analyzer.analyzeAll(Analyzer.java:193)\n        at org.jacoco.core.analysis.Analyzer.analyzeAll(Analyzer.java:226)\n        at org.jacoco.core.analysis.Analyzer.analyzeAll(Analyzer.java:221)\n        at org.jacoco.core.analysis.Analyzer.analyzeAll(Analyzer.java:221)\n        at org.jacoco.core.analysis.Analyzer.analyzeAll(Analyzer.java:221)\n        at org.jacoco.core.analysis.Analyzer.analyzeAll(Analyzer.java:221)\n        at org.jacoco.core.analysis.Analyzer.analyzeAll(Analyzer.java:221)\n        at org.jacoco.ant.ReportTask.createBundle(ReportTask.java:570)\n        at org.jacoco.ant.ReportTask.createReport(ReportTask.java:545)\n        at org.jacoco.ant.ReportTask.execute(ReportTask.java:496)\n        ... 151 more\nCaused by: java.lang.IllegalStateException: Unexpected SMAP line: *S KotlinDebug\n        at org.jacoco.core.internal.analysis.filter.KotlinInlineFilter.getFirstGeneratedLineNumber(KotlinInlineFilter.java:98)\n        at org.jacoco.core.internal.analysis.filter.KotlinInlineFilter.filter(KotlinInlineFilter.java:44)\n        at org.jacoco.core.internal.analysis.filter.Filters.filter(Filters.java:59)\n        at org.jacoco.core.internal.analysis.ClassAnalyzer.addMethodCoverage(ClassAnalyzer.java:119)\n        at org.jacoco.core.internal.analysis.ClassAnalyzer.access$100(ClassAnalyzer.java:33)\n        at org.jacoco.core.internal.analysis.ClassAnalyzer$1.accept(ClassAnalyzer.java:108)\n        at org.jacoco.core.internal.flow.ClassProbesAdapter$2.visitEnd(ClassProbesAdapter.java:91)\n        at org.objectweb.asm.ClassReader.readMethod(ClassReader.java:1492)\n        at org.objectweb.asm.ClassReader.accept(ClassReader.java:718)\n        at org.objectweb.asm.ClassReader.accept(ClassReader.java:401)\n        at org.jacoco.core.analysis.Analyzer.analyzeClass(Analyzer.java:116)\n        at org.jacoco.core.analysis.Analyzer.analyzeClass(Analyzer.java:132)\n        ... 162 more\n...\n</code></pre>"},{"location":"java/kotlin-jacoco-error-while-creating-report/#solution-upgrade-gradle-wrapper-from-681-to-742","title":"Solution: Upgrade gradle wrapper from <code>6.8.1</code> to <code>7.4.2</code>","text":"<pre><code>./gradlew wrapper --gradle-version 7.4.2 \n</code></pre>"},{"location":"java/maven_publish_to_central_repo/","title":"Maven publish to central repo","text":"<p>ref: https://madhead.me/posts/no-bullshit-maven-publish/</p>"},{"location":"java/maven_settings_xml_file_missing/","title":"Maven settings.xml file is missing","text":"<p>It is not created by default, you need to create it manually. (ref)</p> <p>sample: <pre><code>  &lt;settings xmlns=\"http://maven.apache.org/SETTINGS/1.0.0\"\n      xmlns:xsi=\"http://www.w3.org/2001/XMLSchema-instance\"\n      xsi:schemaLocation=\"http://maven.apache.org/SETTINGS/1.0.0\n                          https://maven.apache.org/xsd/settings-1.0.0.xsd\"&gt;\n      &lt;localRepository/&gt;\n      &lt;interactiveMode/&gt;\n      &lt;offline/&gt;\n      &lt;pluginGroups/&gt;\n      &lt;servers/&gt;\n      &lt;mirrors/&gt;\n      &lt;proxies/&gt;\n      &lt;profiles/&gt;\n      &lt;activeProfiles/&gt;\n   &lt;/settings&gt;\n</code></pre></p>"},{"location":"java/spring-boot-set-log-level-of-package/","title":"Spring boot set the log level for a package","text":"<p>In the <code>application.yaml</code> file </p> <pre><code>...\nlogging:\n  level:\n    org:\n      zalando:\n        fahrschein: trace\n...\n</code></pre>"},{"location":"java/spring-boot-test-config-not-working/","title":"Spring boot test @SpringBootTest not using the bean defined in @TestConfiguration class","text":"<p>I have a class that defines the mock beans for test</p> <pre><code>import org.springframework.boot.test.context.TestConfiguration\nimport org.springframework.boot.test.mock.mockito.MockBean\nimport org.zalando.fahrschein.NakadiClient\n\n@TestConfiguration\nclass NakadiTestConfig {\n\n    @MockBean(name = \"nakadiClient\")\n    private lateinit var nakadiClient: NakadiClient\n</code></pre> <p>And a base integration test class like this, that other integration tests extend to: </p> <pre><code>@SpringBootTest(webEnvironment = SpringBootTest.WebEnvironment.RANDOM_PORT)\n@ActiveProfiles(\"test\")\nabstract class BaseIntegrationTest {\n</code></pre> <p>When I run the tests, the <code>nakadiClient</code> bean defined in the <code>NakadiTestConfig</code> is not created and it tries to create the actual bean from main code.</p>"},{"location":"java/spring-boot-test-config-not-working/#solution","title":"Solution","text":"<p>Import the <code>@TestConfiguration</code> class to <code>@SpringBootTest</code> class</p> BaseIntegrationTest.kt<pre><code>@SpringBootTest(webEnvironment = SpringBootTest.WebEnvironment.RANDOM_PORT)\n@Import(NakadiTestConfig::class)\n@ActiveProfiles(\"test\")\nabstract class BaseIntegrationTest {\n</code></pre>"},{"location":"java/maven/maven-shortcuts/","title":"Maven shortcuts / commands","text":""},{"location":"java/maven/maven-shortcuts/#find-active-profiles","title":"Find active profiles","text":"<pre><code>./mvnw help:active-profiles\n</code></pre>"},{"location":"js/yarn-start-error-ERR_OSSL_EVP_UNSUPPORTED/","title":"yarn start error ERR OSSL EVP UNSUPPORTED","text":"<pre><code>yarn start\n</code></pre> <p>Result  <pre><code>yarn run v1.22.19\n$ webpack serve --config config/webpack/development.config.js\n\u2139 \uff62wds\uff63: Project is running at http://localhost:8080/\n\u2139 \uff62wds\uff63: webpack output is served from /\n\u2139 \uff62wds\uff63: Content not from webpack is served from /ProjectDir/dist\n\u2139 \uff62wds\uff63: 404s will fallback to /index.html\nError: error:0308010C:digital envelope routines::unsupported\n    at new Hash (node:internal/crypto/hash:69:19)\n    at Object.createHash (node:crypto:138:10)\n    at BulkUpdateDecorator.hashFactory (/ProjectDir/node_modules/webpack/lib/util/createHash.js:145:18)\n    at BulkUpdateDecorator.update (/ProjectDir/node_modules/webpack/lib/util/createHash.js:46:50)\n    at OriginalSource.updateHash (/ProjectDir/node_modules/webpack-sources/lib/OriginalSource.js:104:8)\n    at NormalModule._initBuildHash (/ProjectDir/node_modules/webpack/lib/NormalModule.js:870:17)\n    at handleParseResult (/ProjectDir/node_modules/webpack/lib/NormalModule.js:936:10)\n    at /ProjectDir/node_modules/webpack/lib/NormalModule.js:1028:4\n    at processResult (/ProjectDir/node_modules/webpack/lib/NormalModule.js:745:11)\n    at /ProjectDir/node_modules/webpack/lib/NormalModule.js:809:5\nnode:internal/crypto/hash:69\n  this[kHandle] = new _Hash(algorithm, xofLen);\n                  ^\n\nError: error:0308010C:digital envelope routines::unsupported\n    at new Hash (node:internal/crypto/hash:69:19)\n    at Object.createHash (node:crypto:138:10)\n    at BulkUpdateDecorator.hashFactory (/ProjectDir/node_modules/webpack/lib/util/createHash.js:145:18)\n    at BulkUpdateDecorator.update (/ProjectDir/node_modules/webpack/lib/util/createHash.js:46:50)\n    at OriginalSource.updateHash (/ProjectDir/node_modules/webpack-sources/lib/OriginalSource.js:104:8)\n    at NormalModule._initBuildHash (/ProjectDir/node_modules/webpack/lib/NormalModule.js:870:17)\n    at handleParseResult (/ProjectDir/node_modules/webpack/lib/NormalModule.js:936:10)\n    at /ProjectDir/node_modules/webpack/lib/NormalModule.js:1028:4\n    at processResult (/ProjectDir/node_modules/webpack/lib/NormalModule.js:745:11)\n    at /ProjectDir/node_modules/webpack/lib/NormalModule.js:809:5 {\n  opensslErrorStack: [ 'error:03000086:digital envelope routines::initialization error' ],\n  library: 'digital envelope routines',\n  reason: 'unsupported',\n  code: 'ERR_OSSL_EVP_UNSUPPORTED'\n}\n\nNode.js v20.6.1\nerror Command failed with exit code 1.\ninfo Visit https://yarnpkg.com/en/docs/cli/run for documentation about this command.\n</code></pre></p>"},{"location":"js/yarn-start-error-ERR_OSSL_EVP_UNSUPPORTED/#solution","title":"Solution","text":"<pre><code>export NODE_OPTIONS=--openssl-legacy-provider\n</code></pre>"},{"location":"python/install_python/","title":"Install Python","text":""},{"location":"python/install_python/#install-pyenv","title":"Install pyenv","text":"<p><code>curl https://pyenv.run | bash</code></p>"},{"location":"python/install_python/#verify-pyenv-is-installed","title":"Verify pyenv is installed","text":"<p><code>pyenv versions</code> --&gt; <code>zsh: command not found: pyenv</code> This erorr is because I need to configure the shell env</p>"},{"location":"python/install_python/#set-shell-env","title":"Set shell env","text":"<p>ref: https://github.com/pyenv/pyenv#set-up-your-shell-environment-for-pyenv</p> <p><pre><code>echo 'export PYENV_ROOT=\"$HOME/.pyenv\"' &gt;&gt; ~/.zshrc\necho 'command -v pyenv &gt;/dev/null || export PATH=\"$PYENV_ROOT/bin:$PATH\"' &gt;&gt; ~/.zshrc\necho 'eval \"$(pyenv init -)\"' &gt;&gt; ~/.zshrc\n</code></pre> <code>source ~/.zshrc</code></p> <p><code>pyenv versions</code> --&gt; <code>* system (set by /Users/abharadia/.pyenv/version)</code></p>"},{"location":"python/install_python/#install-python_1","title":"install python","text":"<p><code>pyenv install 3.10.5</code></p> <p><code>pyenv versions</code> --&gt;  <pre><code>* system (set by /Users/abharadia/.pyenv/version)\n  3.10.5\n</code></pre></p>"},{"location":"python/install_python/#set-python-version","title":"set python version","text":"<p><code>python --version</code> --&gt; <code>Python 2.7.18</code> My python command is still set to use older version</p> <p><code>pyenv global 3.10.5</code></p> <p><code>python --version</code> --&gt; <code>Python 2.7.18</code></p> <p><code>pyenv versions</code> --&gt;  <pre><code>  system\n* 3.10.5 (set by /Users/abharadia/.pyenv/version)\n</code></pre> So the * moved to the 3.10.5 but it is not used by python --version yet</p> <p>In the file <code>~/.zshrc</code> change line <code>eval \"$(pyenv init -)\"</code> to <code>eval \"$(pyenv init --path)\"</code> Ref: https://stackoverflow.com/a/68228627</p> <p><pre><code>source ~/.zshrc    \npython --version  \n</code></pre> --&gt; <code>Python 3.10.5</code></p>"},{"location":"python/install_python/#install-poetry","title":"Install poetry","text":"<p><pre><code>curl -sSL https://raw.githubusercontent.com/python-poetry/poetry/master/get-poetry.py | python -\nsource $HOME/.poetry/env\npoetry --version\n</code></pre> --&gt; <code>Poetry version 1.1.13</code></p>"},{"location":"python/python-error-installing-psycopg2-binary/","title":"Python - Error installing psycopg2-binary on Mac M1","text":""},{"location":"python/python-error-installing-psycopg2-binary/#problem","title":"Problem","text":"<p>Getting following error while installing psycopg2 library on MacOS M1.</p> <pre><code>[pipenv.exceptions.InstallError]:       In file included from psycopg/win32_support.c:28:\n[pipenv.exceptions.InstallError]:       In file included from ./psycopg/psycopg.h:38:\n[pipenv.exceptions.InstallError]:       ./psycopg/config.h:82:13: warning: unused function 'Dprintf' [-Wunused-function]\n[pipenv.exceptions.InstallError]:       static void Dprintf(const char *fmt, ...) {}\n[pipenv.exceptions.InstallError]:                   ^\n[pipenv.exceptions.InstallError]:       1 warning generated.\n[pipenv.exceptions.InstallError]:       clang -Wno-unused-result -Wsign-compare -Wunreachable-code -DNDEBUG -g -fwrapv -O3 -Wall -I/Library/Developer/CommandLineTools/SDKs/MacOSX.sdk/usr/include ... -lpq -lssl -lcrypto -o build/lib.macosx-12.6-arm64-cpython-38/psycopg2/_psycopg.cpython-38-darwin.so\n[pipenv.exceptions.InstallError]:       ld: library not found for -lssl\n[pipenv.exceptions.InstallError]:       clang: error: linker command failed with exit code 1 (use -v to see invocation)\n[pipenv.exceptions.InstallError]:       error: command '/usr/bin/clang' failed with exit code 1\n[pipenv.exceptions.InstallError]:       [end of output]\n[pipenv.exceptions.InstallError]:   \n[pipenv.exceptions.InstallError]:   note: This error originates from a subprocess, and is likely not a problem with pip.\n[pipenv.exceptions.InstallError]: error: legacy-install-failure\n[pipenv.exceptions.InstallError]: \n[pipenv.exceptions.InstallError]: \u00d7 Encountered error while trying to install package.\n[pipenv.exceptions.InstallError]: \u2570\u2500&gt; psycopg2-binary\n[pipenv.exceptions.InstallError]: \n[pipenv.exceptions.InstallError]: note: This is an issue with the package mentioned above, not pip.\n[pipenv.exceptions.InstallError]: hint: See above for output from the failure.\n</code></pre>"},{"location":"python/python-error-installing-psycopg2-binary/#cause","title":"Cause","text":"<p>There is no wheel for this library for the given CPU architecture.  So it tries to build the wheel in the local instead of downloading it.  The error is in the build process.</p>"},{"location":"python/python-error-installing-psycopg2-binary/#solution","title":"Solution:","text":"<p>Run this before installing the library. <pre><code>brew install postgresql\nexport CPPFLAGS=\"-I/opt/homebrew/opt/openssl@1.1/include\"\nexport LDFLAGS=\"-L/opt/homebrew/opt/openssl@1.1/lib -L${HOME}/.pyenv/versions/3.8.13/lib\"\n</code></pre></p> <p>Ref: https://github.com/psycopg/psycopg2/issues/1286</p>"},{"location":"python/python-flatmap/","title":"Python flatmap","text":""},{"location":"python/python-flatmap/#problem","title":"Problem","text":"<p>Get the sales numbers as a list from all the articles</p> <pre><code>articles = [{\"name\": \"A1\", \"weekly_sales\": {\"202201\": 10, \"202202\": 20}}, {\"name\":\"A2\", \"weekly_sales\":{\"202202\": 30, \"202203\": 40}}]\n</code></pre>"},{"location":"python/python-flatmap/#solution","title":"Solution","text":"<pre><code>[sales for a in articles for sales in a[\"weekly_sales\"].values()]\n</code></pre>"},{"location":"python/python-flatmap/#syntax","title":"Syntax","text":"<pre><code>[VALUE_FROM_INNER_LOOP OUTER_LOOP INNER_LOOP]\n</code></pre>"},{"location":"python/python-iterate-dictionary/","title":"Python iterate the dictionary","text":"<pre><code>d = {1: 'A', 2: 'B', 3: 'C'}\nprint(d)\nnames = [name for uid, name in d.items() if uid &gt; 1]\nprint(names)\n</code></pre> <p>output: <pre><code>{1: 'A', 2: 'B', 3: 'C'}\n['B', 'C']\n</code></pre></p>"},{"location":"python/python-list-to-dictionary/","title":"Python Convert List to Dict","text":"<pre><code>class User:\n    def __init__(self, uid: int, name: str):\n        self.uid = uid\n        self.name = name\n\n    def __repr__(self):\n        return f\"User(uid={self.uid}, name={self.name})\"\n\n\nusers = [User(1, \"A\"), User(2, \"B\"), User(3, \"C\")]\nprint(users)\n\nusers_dict = {u.uid: u.name for u in users}\nprint(users_dict)\n</code></pre> <p>Output</p> <pre><code>[User(uid=1, name=A), User(uid=2, name=B), User(uid=3, name=C)]\n{1: 'A', 2: 'B', 3: 'C'}\n</code></pre>"},{"location":"python/python-pytest-type-error-required-field-lineno-missing-from-alias/","title":"Python Pytest - TypeError: required field \"lineno\" missing from alias","text":""},{"location":"python/python-pytest-type-error-required-field-lineno-missing-from-alias/#error","title":"Error","text":"<pre><code>TypeError: required field \"lineno\" missing from alias\n</code></pre>"},{"location":"python/python-pytest-type-error-required-field-lineno-missing-from-alias/#solution","title":"Solution","text":"<pre><code>pip install -U pytest\n</code></pre> <p>Reference: https://stackoverflow.com/a/72006222</p>"},{"location":"python/python-read-csv/","title":"Python read CSV","text":""},{"location":"python/python-read-csv/#read-row-as-a-dict","title":"Read row as a Dict","text":"<pre><code>import csv\nwith open(\"./data.csv\") as file:\n    reader = csv.DictReader(file)\n    for row in reader:\n        print(row)\n</code></pre>"},{"location":"python/python_create_venv/","title":"Python create venv","text":""},{"location":"python/python_create_venv/#create-a-new-venv","title":"create a new venv","text":"<pre><code>python -m venv venv\n</code></pre> <p>creates a directory <code>venv</code> in current directory</p>"},{"location":"python/python_create_venv/#activate-it","title":"activate it","text":"<pre><code>source ./venv/bin/activate\n</code></pre>"},{"location":"python/python_package_find_latest_version/","title":"Python package find latest version","text":"<p>'</p>"},{"location":"python/python_poetry_black_no_such_file/","title":"Python poetry black no such file","text":""},{"location":"python/python_poetry_black_no_such_file/#problem","title":"Problem","text":"<pre><code>poetry run black\n</code></pre> <p>Returns</p> <pre><code>  FileNotFoundError\n\n  [Errno 2] No such file or directory: b'~/.local/bin/black'\n\n  at ~/.pyenv/versions/3.10.5/lib/python3.10/os.py:607 in _execvpe\n       603\u2502         path_list = map(fsencode, path_list)\n       604\u2502     for dir in path_list:\n       605\u2502         fullname = path.join(dir, file)\n       606\u2502         try:\n    \u2192  607\u2502             exec_func(fullname, *argrest)\n       608\u2502         except (FileNotFoundError, NotADirectoryError) as e:\n       609\u2502             last_exc = e\n       610\u2502         except OSError as e:\n       611\u2502             last_exc = e\n</code></pre>"},{"location":"python/python_poetry_black_no_such_file/#solution","title":"Solution","text":"<ol> <li>make sure poetry installed properly.</li> </ol> <p>run <code>poetry install</code> --&gt; it failed with</p> <pre><code>  \u2022 Installing typed-ast (1.4.3)\n\n  EnvCommandError\n...\n        199 warnings and 1 error generated.\n        error: command '/usr/bin/clang' failed with exit code 1\n        [end of output]\n\n    note: This error originates from a subprocess, and is likely not a problem with pip.\n  error: legacy-install-failure\n\n\n  \u00d7 Encountered error while trying to install package.\n  \u2570\u2500&gt; typed-ast\n\n  note: This is an issue with the package mentioned above, not pip.\n  hint: See above for output from the failure.\n\n  at ~/.poetry/lib/poetry/utils/env.py:1195 in _run\n      1191\u2502                 output = subprocess.check_output(\n      1192\u2502                     cmd, stderr=subprocess.STDOUT, **kwargs\n      1193\u2502                 )\n      1194\u2502         except CalledProcessError as e:\n    \u2192 1195\u2502             raise EnvCommandError(e, input=input_)\n      1196\u2502 \n      1197\u2502         return decode(output)\n      1198\u2502 \n      1199\u2502     def execute(self, bin, *args, **kwargs):\n</code></pre> <p>This error is while installing <code>Installing typed-ast (1.4.3)</code></p> <p>This package was a dependency of mypy (0.761). </p> <p>I changed the mypy version to 0.961 and it does not have this dependency.</p>"},{"location":"python/python_poetry_install_pg_config_executable_not_found/","title":"Python poetry install pg config executable not found","text":"<p>Error <code>pg_config executable not found</code> while installing psycopg2 via poetry.</p>"},{"location":"python/python_poetry_install_pg_config_executable_not_found/#problem","title":"Problem","text":"<pre><code>poetry install\n</code></pre> <p>returned following error.</p> <pre><code>Installing dependencies from lock file\n\nPackage operations: 1 install, 0 updates, 0 removals\n\n  \u2022 Installing psycopg2-binary (2.9.3): Failed\n\n  EnvCommandError\n\n  Command ['~/.../venv/bin/pip', 'install', '--no-deps', 'file://~/Library/Caches/pypoetry/artifacts/.../psycopg2-binary-2.9.3.tar.gz'] errored with the following return code 1, and output: \n  Processing ~/Library/Caches/pypoetry/artifacts/.../psycopg2-binary-2.9.3.tar.gz\n    Preparing metadata (setup.py): started\n    Preparing metadata (setup.py): finished with status 'error'\n    ERROR: Command errored out with exit status 1:\n     command: ~/.../venv/bin/python -c 'import io, os, sys, setuptools, tokenize; sys.argv[0] = '\"'\"'/private/var/folders/47/.../T/pip-req-build-lvsj6n0r/setup.py'\"'\"'; __file__='\"'\"'/private/var/folders/47/.../T/pip-req-build-lvsj6n0r/setup.py'\"'\"';f = getattr(tokenize, '\"'\"'open'\"'\"', open)(__file__) if os.path.exists(__file__) else io.StringIO('\"'\"'from setuptools import setup; setup()'\"'\"');code = f.read().replace('\"'\"'\\r\\n'\"'\"', '\"'\"'\\n'\"'\"');f.close();exec(compile(code, __file__, '\"'\"'exec'\"'\"'))' egg_info --egg-base /private/var/folders/47/.../T/pip-pip-egg-info-lgklgcy5\n         cwd: /private/var/folders/47/.../T/pip-req-build-lvsj6n0r/\n    Complete output (20 lines):\n    running egg_info\n    creating /private/var/folders/47/.../T/pip-pip-egg-info-lgklgcy5/psycopg2_binary.egg-info\n    writing manifest file '/private/var/folders/47/.../T/pip-pip-egg-info-lgklgcy5/psycopg2_binary.egg-info/SOURCES.txt'\n\n    Error: pg_config executable not found.\n\n    pg_config is required to build psycopg2 from source.  Please add the directory\n    containing pg_config to the $PATH or specify the full executable path with the\n    option:\n\n        python setup.py build_ext --pg-config /path/to/pg_config build ...\n\n    or with the pg_config option in 'setup.cfg'.\n\n    If you prefer to avoid building psycopg2 from source, please install the PyPI\n    'psycopg2-binary' package instead.\n\n    For further information please check the 'doc/src/install.rst' file (also at\n    &lt;https://www.psycopg.org/docs/install.html&gt;).\n\n    ----------------------------------------\n  WARNING: Discarding file://~/Library/Caches/pypoetry/artifacts/ba/42/10/.../psycopg2-binary-2.9.3.tar.gz. Command errored out with exit status 1: python setup.py egg_info Check the logs for full command output.\n  ERROR: Command errored out with exit status 1: python setup.py egg_info Check the logs for full command output.\n  WARNING: You are using pip version 21.3.1; however, version 22.1.2 is available.\n  You should consider upgrading via the '~/.../venv/bin/python -m pip install --upgrade pip' command.\n\n\n  at ~/.poetry/lib/poetry/utils/env.py:1195 in _run\n      1191\u2502                 output = subprocess.check_output(\n      1192\u2502                     cmd, stderr=subprocess.STDOUT, **kwargs\n      1193\u2502                 )\n      1194\u2502         except CalledProcessError as e:\n    \u2192 1195\u2502             raise EnvCommandError(e, input=input_)\n      1196\u2502 \n      1197\u2502         return decode(output)\n      1198\u2502 \n      1199\u2502     def execute(self, bin, *args, **kwargs):\n</code></pre>"},{"location":"python/python_poetry_install_pg_config_executable_not_found/#solution","title":"Solution","text":"<p>Check if pg_config is installed or not.</p> <p><code>which pg_config</code> -&gt; <code>pg_config not found</code></p> <p>Ref: https://stackoverflow.com/a/24645416</p> <pre><code>brew install postgresql\n</code></pre> <p><code>which pg_config</code> -&gt; <code>/opt/homebrew/bin/pg_config</code></p> <p><code>poetry install</code> -&gt; success</p>"},{"location":"python/python_poetry_pytest_required_field_lineno_missing_from_alias/","title":"Python Poetry Pytest TypeError: required field \"lineno\" missing from alias","text":"<pre><code>poetry run pytest\n</code></pre> <p>returns</p> <pre><code>Traceback (most recent call last):\n  File \"~/.../venv/bin/pytest\", line 8, in &lt;module&gt;\n    sys.exit(main())\n  File \"~/.../venv/lib/python3.10/site-packages/_pytest/config/__init__.py\", line 71, in main\n    config = _prepareconfig(args, plugins)\n  File \"~/.../venv/lib/python3.10/site-packages/_pytest/config/__init__.py\", line 215, in _prepareconfig\n    return pluginmanager.hook.pytest_cmdline_parse(\n  File \"~/.../venv/lib/python3.10/site-packages/pluggy/hooks.py\", line 286, in __call__\n    return self._hookexec(self, self.get_hookimpls(), kwargs)\n  File \"~/.../venv/lib/python3.10/site-packages/pluggy/manager.py\", line 93, in _hookexec\n    return self._inner_hookexec(hook, methods, kwargs)\n  File \"~/.../venv/lib/python3.10/site-packages/pluggy/manager.py\", line 84, in &lt;lambda&gt;\n    self._inner_hookexec = lambda hook, methods, kwargs: hook.multicall(\n  File \"~/.../venv/lib/python3.10/site-packages/pluggy/callers.py\", line 203, in _multicall\n    gen.send(outcome)\n  File \"~/.../venv/lib/python3.10/site-packages/_pytest/helpconfig.py\", line 89, in pytest_cmdline_parse\n    config = outcome.get_result()\n  File \"~/.../venv/lib/python3.10/site-packages/pluggy/callers.py\", line 80, in get_result\n    raise ex[1].with_traceback(ex[2])\n  File \"~/.../venv/lib/python3.10/site-packages/pluggy/callers.py\", line 187, in _multicall\n    res = hook_impl.function(*args)\n  File \"~/.../venv/lib/python3.10/site-packages/_pytest/config/__init__.py\", line 733, in pytest_cmdline_parse\n    self.parse(args)\n  File \"~/.../venv/lib/python3.10/site-packages/_pytest/config/__init__.py\", line 940, in parse\n    self._preparse(args, addopts=addopts)\n  File \"~/.../venv/lib/python3.10/site-packages/_pytest/config/__init__.py\", line 887, in _preparse\n    self.pluginmanager.load_setuptools_entrypoints(\"pytest11\")\n  File \"~/.../venv/lib/python3.10/site-packages/pluggy/manager.py\", line 299, in load_setuptools_entrypoints\n    plugin = ep.load()\n  File \"~/.pyenv/versions/3.10.5/lib/python3.10/importlib/metadata/__init__.py\", line 171, in load\n    module = import_module(match.group('module'))\n  File \"~/.pyenv/versions/3.10.5/lib/python3.10/importlib/__init__.py\", line 126, in import_module\n    return _bootstrap._gcd_import(name[level:], package, level)\n  File \"&lt;frozen importlib._bootstrap&gt;\", line 1050, in _gcd_import\n  File \"&lt;frozen importlib._bootstrap&gt;\", line 1027, in _find_and_load\n  File \"&lt;frozen importlib._bootstrap&gt;\", line 1006, in _find_and_load_unlocked\n  File \"&lt;frozen importlib._bootstrap&gt;\", line 688, in _load_unlocked\n  File \"~/.../venv/lib/python3.10/site-packages/_pytest/assertion/rewrite.py\", line 133, in exec_module\n    source_stat, co = _rewrite_test(fn, self.config)\n  File \"~/.../venv/lib/python3.10/site-packages/_pytest/assertion/rewrite.py\", line 284, in _rewrite_test\n    co = compile(tree, fn, \"exec\", dont_inherit=True)\nTypeError: required field \"lineno\" missing from alias\n</code></pre> <p><code>pytest -V</code> or <code>pytest --version</code> also reports the same error.</p> <p>This post claims it is fixed in pytest verion 6.2.5</p> <p>set <code>pytest = \"==7.1.2\"</code></p> <pre><code>poetry update\n</code></pre> <p><code>pytest --version</code> -&gt; <code>pytest 7.1.2</code></p> <p>run again <pre><code>poetry run pytest\n</code></pre></p> <p>It worked.</p>"},{"location":"python/python_poetry_run_isort_no_such_file_or_directory/","title":"Python - Poetry - isort - No such file or directory ~/.local/bin/isort","text":""},{"location":"python/python_poetry_run_isort_no_such_file_or_directory/#problem-no-such-file-or-directory-localbinisort","title":"Problem: No such file or directory ~/.local/bin/isort","text":"<pre><code>poetry run isort\n</code></pre> <p>returns</p> <pre><code>  FileNotFoundError\n\n  [Errno 2] No such file or directory: b'/Users/anil/.local/bin/isort'\n\n  at ~/.pyenv/versions/3.10.5/lib/python3.10/os.py:607 in _execvpe\n       603\u2502         path_list = map(fsencode, path_list)\n       604\u2502     for dir in path_list:\n       605\u2502         fullname = path.join(dir, file)\n       606\u2502         try:\n    \u2192  607\u2502             exec_func(fullname, *argrest)\n       608\u2502         except (FileNotFoundError, NotADirectoryError) as e:\n       609\u2502             last_exc = e\n       610\u2502         except OSError as e:\n       611\u2502             last_exc = e\n</code></pre>"},{"location":"python/python_poetry_run_isort_no_such_file_or_directory/#solution","title":"Solution","text":"<p>Check if all the dependencies are installed properly.</p> <pre><code>poetry install\n</code></pre> <p>returns</p> <pre><code>Installing dependencies from lock file\n\nPackage operations: 323 installs, 1 update, 0 removals\n\n    \u2022 Installing numpy (1.21.1):\n...\n----------------------------------------\n    ERROR: Failed building wheel for numpy\n  Failed to build numpy\n  ERROR: Could not build wheels for numpy, which is required to install pyproject.toml-based projects\n  WARNING: You are using pip version 21.3.1; however, version 22.1.2 is available.\n  You should consider upgrading via the '/Users/anil/.../venv/bin/python -m pip install --upgrade pip' command.\n\n\n  at ~/.poetry/lib/poetry/utils/env.py:1195 in _run\n      1191\u2502                 output = subprocess.check_output(\n      1192\u2502                     cmd, stderr=subprocess.STDOUT, **kwargs\n      1193\u2502                 )\n      1194\u2502         except CalledProcessError as e:\n    \u2192 1195\u2502             raise EnvCommandError(e, input=input_)\n      1196\u2502 \n      1197\u2502         return decode(output)\n      1198\u2502 \n      1199\u2502     def execute(self, bin, *args, **kwargs):\n</code></pre> <p>try to install directly via pip</p> <pre><code>pip install numpy\n</code></pre> <p>and then try again</p> <pre><code>poetry install                                                                                                 \n</code></pre> <p>returns</p> <pre><code>Installing dependencies from lock file\n\nNo dependencies to install or update\n</code></pre> <p>Done</p>"}]}